2021-05-12 18:26:10,356 - PatientAppLogs -INFO - Launching App, Apk version: C:\Users\admin\git\repository\PatientAppAutomation\Apk\Patient_11_may.apk
2021-05-12 18:26:10,367 - PatientAppLogs -INFO - Using Test Data Excel Sheet: PatientAppData.xlsx
2021-05-12 18:26:15,399 - PatientAppLogs -INFO - Launching Application
2021-05-12 18:26:56,824 - PatientAppLogs -INFO - Clicked on Skip button to proceed for login
2021-05-12 18:27:04,432 - PatientAppLogs -INFO - Alert Accepted
2021-05-12 18:27:07,502 - PatientAppLogs -INFO - Phone number entered
2021-05-12 18:27:13,435 - PatientAppLogs -INFO - Clicked on Request OTP
2021-05-12 18:27:58,442 - PatientAppLogs -INFO - OTP entered
2021-05-12 18:28:03,110 - PatientAppLogs -INFO - Clicked on Verify number
2021-05-12 18:28:11,295 - PatientAppLogs -INFO - Alert Accepted
2021-05-12 18:28:11,296 - PatientAppLogs -INFO - Time taken in App Launch and login in Emulator: 2 Minutes
2021-05-12 18:28:26,299 - PatientAppLogs -INFO - Login Successfull
2021-05-12 18:28:43,772 - PatientAppLogs -INFO - Taking Screenshot
2021-05-12 18:28:45,693 - PatientAppLogs -INFO - Screenshot captured
2021-05-12 18:29:16,752 - PatientAppLogs -INFO - Launching App, Apk version: C:\Users\admin\git\repository\PatientAppAutomation\Apk\Patient_11_may.apk
2021-05-12 18:29:16,753 - PatientAppLogs -INFO - Using Test Data Excel Sheet: PatientAppData.xlsx
2021-05-12 18:29:21,785 - PatientAppLogs -INFO - Launching Application
2021-05-12 18:30:05,797 - PatientAppLogs -INFO - Clicked on Skip button to proceed for login
2021-05-12 18:30:14,911 - PatientAppLogs -INFO - Alert Accepted
2021-05-12 18:30:17,906 - PatientAppLogs -INFO - Phone number entered
2021-05-12 18:30:25,522 - PatientAppLogs -INFO - Clicked on Request OTP
2021-05-12 18:31:10,525 - PatientAppLogs -INFO - OTP entered
2021-05-12 18:31:15,006 - PatientAppLogs -INFO - Clicked on Verify number
2021-05-12 18:31:23,408 - PatientAppLogs -INFO - Alert Accepted
2021-05-12 18:31:23,408 - PatientAppLogs -INFO - Time taken in App Launch and login in Emulator: 2 Minutes
2021-05-12 18:31:38,409 - PatientAppLogs -INFO - Login Successfull
2021-05-12 18:32:15,956 - PatientAppLogs -INFO - Taking Screenshot
2021-05-12 18:32:17,625 - PatientAppLogs -INFO - Screenshot captured
2021-05-12 18:32:46,140 - PatientAppLogs -INFO - Launching App, Apk version: C:\Users\admin\git\repository\PatientAppAutomation\Apk\Patient_11_may.apk
2021-05-12 18:32:46,140 - PatientAppLogs -INFO - Using Test Data Excel Sheet: PatientAppData.xlsx
2021-05-12 18:32:51,187 - PatientAppLogs -INFO - Launching Application
2021-05-12 18:33:37,621 - PatientAppLogs -INFO - Clicked on Skip button to proceed for login
2021-05-12 18:33:45,378 - PatientAppLogs -INFO - Alert Accepted
2021-05-12 18:33:50,355 - PatientAppLogs -INFO - Phone number entered
2021-05-12 18:33:54,141 - PatientAppLogs -INFO - Clicked on Request OTP
2021-05-12 18:34:39,144 - PatientAppLogs -INFO - OTP entered
2021-05-12 18:34:43,096 - PatientAppLogs -INFO - Clicked on Verify number
2021-05-12 18:34:51,318 - PatientAppLogs -INFO - Alert Accepted
2021-05-12 18:34:51,318 - PatientAppLogs -INFO - Time taken in App Launch and login in Emulator: 2 Minutes
2021-05-12 18:35:06,320 - PatientAppLogs -INFO - Login Successfull
2021-05-12 18:35:41,404 - PatientAppLogs -INFO - Taking Screenshot
2021-05-12 18:35:43,035 - PatientAppLogs -INFO - Screenshot captured
2021-05-12 18:39:38,580 - PatientAppLogs -INFO - Launching App, Apk version: C:\Users\admin\git\repository\PatientAppAutomation\Apk\Patient_11_may.apk
2021-05-12 18:39:38,587 - PatientAppLogs -INFO - Using Test Data Excel Sheet: PatientAppData.xlsx
2021-05-12 18:39:43,617 - PatientAppLogs -INFO - Launching Application
2021-05-12 18:40:27,312 - PatientAppLogs -INFO - Clicked on Skip button to proceed for login
2021-05-12 18:40:35,178 - PatientAppLogs -INFO - Alert Accepted
2021-05-12 18:40:40,080 - PatientAppLogs -INFO - Phone number entered
2021-05-12 18:40:43,979 - PatientAppLogs -INFO - Clicked on Request OTP
2021-05-12 18:41:28,982 - PatientAppLogs -INFO - OTP entered
2021-05-12 18:41:33,101 - PatientAppLogs -INFO - Clicked on Verify number
2021-05-12 18:41:42,039 - PatientAppLogs -INFO - Alert Accepted
2021-05-12 18:41:42,041 - PatientAppLogs -INFO - Time taken in App Launch and login in Emulator: 2 Minutes
2021-05-12 18:41:57,043 - PatientAppLogs -INFO - Login Successfull
2021-05-12 18:46:12,724 - PatientAppLogs -INFO - Launching App, Apk version: C:\Users\admin\git\repository\PatientAppAutomation\Apk\Patient_11_may.apk
2021-05-12 18:46:12,729 - PatientAppLogs -INFO - Using Test Data Excel Sheet: PatientAppData.xlsx
2021-05-12 18:46:17,757 - PatientAppLogs -INFO - Launching Application
2021-05-12 18:47:01,648 - PatientAppLogs -INFO - Clicked on Skip button to proceed for login
2021-05-12 18:47:10,250 - PatientAppLogs -INFO - Alert Accepted
2021-05-12 18:47:14,236 - PatientAppLogs -INFO - Phone number entered
2021-05-12 18:47:17,270 - PatientAppLogs -INFO - Clicked on Request OTP
2021-05-12 18:48:02,272 - PatientAppLogs -INFO - OTP entered
2021-05-12 18:48:06,563 - PatientAppLogs -INFO - Clicked on Verify number
2021-05-12 18:48:15,306 - PatientAppLogs -INFO - Alert Accepted
2021-05-12 18:48:15,306 - PatientAppLogs -INFO - Time taken in App Launch and login in Emulator: 2 Minutes
2021-05-12 18:48:30,308 - PatientAppLogs -INFO - Login Successfull
2021-05-12 18:49:36,071 - PatientAppLogs -INFO - Taking Screenshot
2021-05-12 18:49:38,372 - PatientAppLogs -INFO - Screenshot captured
2021-05-12 18:50:05,775 - PatientAppLogs -INFO - Launching App, Apk version: C:\Users\admin\git\repository\PatientAppAutomation\Apk\Patient_11_may.apk
2021-05-12 18:50:05,775 - PatientAppLogs -INFO - Using Test Data Excel Sheet: PatientAppData.xlsx
2021-05-12 18:50:10,829 - PatientAppLogs -INFO - Launching Application
2021-05-12 18:50:55,904 - PatientAppLogs -INFO - Clicked on Skip button to proceed for login
2021-05-12 18:51:03,910 - PatientAppLogs -INFO - Alert Accepted
2021-05-12 18:51:09,312 - PatientAppLogs -INFO - Phone number entered
2021-05-12 18:51:13,277 - PatientAppLogs -INFO - Clicked on Request OTP
2021-05-12 18:51:58,279 - PatientAppLogs -INFO - OTP entered
2021-05-12 18:52:03,183 - PatientAppLogs -INFO - Clicked on Verify number
2021-05-12 18:52:11,529 - PatientAppLogs -INFO - Alert Accepted
2021-05-12 18:52:11,530 - PatientAppLogs -INFO - Time taken in App Launch and login in Emulator: 2 Minutes
2021-05-12 18:52:26,532 - PatientAppLogs -INFO - Login Successfull
2021-05-12 18:54:15,157 - PatientAppLogs -INFO - Taking Screenshot
2021-05-12 18:54:19,267 - PatientAppLogs -INFO - Screenshot captured
2021-05-12 19:10:35,103 - PatientAppLogs -INFO - Launching App, Apk version: C:\Users\admin\git\repository\PatientAppAutomation\Apk\Patient_11_may.apk
2021-05-12 19:10:35,114 - PatientAppLogs -INFO - Using Test Data Excel Sheet: PatientAppData.xlsx
2021-05-12 19:10:40,140 - PatientAppLogs -INFO - Launching Application
2021-05-12 19:11:23,461 - PatientAppLogs -INFO - Clicked on Skip button to proceed for login
2021-05-12 19:11:31,368 - PatientAppLogs -INFO - Alert Accepted
2021-05-12 19:11:36,538 - PatientAppLogs -INFO - Phone number entered
2021-05-12 19:11:39,341 - PatientAppLogs -INFO - Clicked on Request OTP
2021-05-12 19:12:24,343 - PatientAppLogs -INFO - OTP entered
2021-05-12 19:12:28,243 - PatientAppLogs -INFO - Clicked on Verify number
2021-05-12 19:12:37,586 - PatientAppLogs -INFO - Alert Accepted
2021-05-12 19:12:37,589 - PatientAppLogs -INFO - Time taken in App Launch and login in Emulator: 2 Minutes
2021-05-12 19:12:52,591 - PatientAppLogs -INFO - Login Successfull
2021-05-12 19:13:54,054 - PatientAppLogs -INFO - Taking Screenshot
2021-05-12 19:13:56,921 - PatientAppLogs -INFO - Screenshot captured
2021-05-12 19:14:29,377 - PatientAppLogs -INFO - Launching App, Apk version: C:\Users\admin\git\repository\PatientAppAutomation\Apk\Patient_11_may.apk
2021-05-12 19:14:29,377 - PatientAppLogs -INFO - Using Test Data Excel Sheet: PatientAppData.xlsx
2021-05-12 19:14:34,392 - PatientAppLogs -INFO - Launching Application
2021-05-12 19:15:17,766 - PatientAppLogs -INFO - Clicked on Skip button to proceed for login
2021-05-12 19:15:26,138 - PatientAppLogs -INFO - Alert Accepted
2021-05-12 19:15:31,222 - PatientAppLogs -INFO - Phone number entered
2021-05-12 19:15:35,207 - PatientAppLogs -INFO - Clicked on Request OTP
2021-05-12 19:16:20,231 - PatientAppLogs -INFO - OTP entered
2021-05-12 19:16:24,353 - PatientAppLogs -INFO - Clicked on Verify number
2021-05-12 19:16:32,938 - PatientAppLogs -INFO - Alert Accepted
2021-05-12 19:16:32,940 - PatientAppLogs -INFO - Time taken in App Launch and login in Emulator: 2 Minutes
2021-05-12 19:16:47,943 - PatientAppLogs -INFO - Login Successfull
2021-05-12 19:29:33,573 - PatientAppLogs -INFO - Launching App, Apk version: C:\Users\admin\git\repository\PatientAppAutomation\Apk\Patient_11_may.apk
2021-05-12 19:29:33,584 - PatientAppLogs -INFO - Using Test Data Excel Sheet: PatientAppData.xlsx
2021-05-12 19:29:38,621 - PatientAppLogs -INFO - Launching Application
2021-05-12 19:30:22,884 - PatientAppLogs -INFO - Clicked on Skip button to proceed for login
2021-05-12 19:30:30,676 - PatientAppLogs -INFO - Alert Accepted
2021-05-12 19:30:33,181 - PatientAppLogs -INFO - Phone number entered
2021-05-12 19:30:39,298 - PatientAppLogs -INFO - Clicked on Request OTP
2021-05-12 19:31:24,302 - PatientAppLogs -INFO - OTP entered
2021-05-12 19:31:28,165 - PatientAppLogs -INFO - Clicked on Verify number
2021-05-12 19:31:37,219 - PatientAppLogs -INFO - Alert Accepted
2021-05-12 19:31:37,220 - PatientAppLogs -INFO - Time taken in App Launch and login in Emulator: 2 Minutes
2021-05-12 19:31:52,221 - PatientAppLogs -INFO - Login Successfull
2021-05-12 19:33:03,530 - PatientAppLogs -INFO - Taking Screenshot
2021-05-12 19:33:05,037 - PatientAppLogs -INFO - Screenshot captured
2021-05-12 19:33:38,967 - PatientAppLogs -INFO - Launching App, Apk version: C:\Users\admin\git\repository\PatientAppAutomation\Apk\Patient_11_may.apk
2021-05-12 19:33:38,968 - PatientAppLogs -INFO - Using Test Data Excel Sheet: PatientAppData.xlsx
2021-05-12 19:33:43,982 - PatientAppLogs -INFO - Launching Application
2021-05-12 19:34:28,753 - PatientAppLogs -INFO - Clicked on Skip button to proceed for login
2021-05-12 19:34:36,058 - PatientAppLogs -INFO - Alert Accepted
2021-05-12 19:34:41,304 - PatientAppLogs -INFO - Phone number entered
2021-05-12 19:34:45,852 - PatientAppLogs -INFO - Clicked on Request OTP
2021-05-12 19:35:30,854 - PatientAppLogs -INFO - OTP entered
2021-05-12 19:35:35,350 - PatientAppLogs -INFO - Clicked on Verify number
2021-05-12 19:35:43,454 - PatientAppLogs -INFO - Alert Accepted
2021-05-12 19:35:43,455 - PatientAppLogs -INFO - Time taken in App Launch and login in Emulator: 2 Minutes
2021-05-12 19:35:58,457 - PatientAppLogs -INFO - Login Successfull
2021-05-12 19:36:04,607 - PatientAppLogs -INFO - Taking Screenshot
2021-05-12 19:36:06,216 - PatientAppLogs -INFO - Screenshot captured
2021-05-12 19:36:49,259 - PatientAppLogs -INFO - Launching App, Apk version: C:\Users\admin\git\repository\PatientAppAutomation\Apk\Patient_11_may.apk
2021-05-12 19:36:49,259 - PatientAppLogs -INFO - Using Test Data Excel Sheet: PatientAppData.xlsx
2021-05-12 19:36:54,269 - PatientAppLogs -INFO - Launching Application
2021-05-12 19:37:38,975 - PatientAppLogs -INFO - Clicked on Skip button to proceed for login
2021-05-12 19:37:46,898 - PatientAppLogs -INFO - Alert Accepted
2021-05-12 19:37:51,597 - PatientAppLogs -INFO - Phone number entered
2021-05-12 19:37:55,808 - PatientAppLogs -INFO - Clicked on Request OTP
2021-05-12 19:38:40,811 - PatientAppLogs -INFO - OTP entered
2021-05-12 19:38:45,217 - PatientAppLogs -INFO - Clicked on Verify number
2021-05-12 19:38:53,590 - PatientAppLogs -INFO - Alert Accepted
2021-05-12 19:38:53,591 - PatientAppLogs -INFO - Time taken in App Launch and login in Emulator: 2 Minutes
2021-05-12 19:39:08,592 - PatientAppLogs -INFO - Login Successfull
2021-05-12 19:39:58,555 - PatientAppLogs -INFO - Taking Screenshot
2021-05-12 19:40:00,397 - PatientAppLogs -INFO - Screenshot captured
2021-05-12 19:40:33,086 - PatientAppLogs -INFO - Launching App, Apk version: C:\Users\admin\git\repository\PatientAppAutomation\Apk\Patient_11_may.apk
2021-05-12 19:40:33,089 - PatientAppLogs -INFO - Using Test Data Excel Sheet: PatientAppData.xlsx
2021-05-12 19:40:38,101 - PatientAppLogs -INFO - Launching Application
2021-05-12 19:41:20,823 - PatientAppLogs -INFO - Clicked on Skip button to proceed for login
2021-05-12 19:41:28,864 - PatientAppLogs -INFO - Alert Accepted
2021-05-12 19:41:33,524 - PatientAppLogs -INFO - Phone number entered
2021-05-12 19:41:36,280 - PatientAppLogs -INFO - Clicked on Request OTP
2021-05-12 19:42:21,282 - PatientAppLogs -INFO - OTP entered
2021-05-12 19:42:25,951 - PatientAppLogs -INFO - Clicked on Verify number
2021-05-12 19:42:34,822 - PatientAppLogs -INFO - Alert Accepted
2021-05-12 19:42:34,822 - PatientAppLogs -INFO - Time taken in App Launch and login in Emulator: 2 Minutes
2021-05-12 19:42:49,824 - PatientAppLogs -INFO - Login Successfull
2021-05-12 19:44:03,956 - PatientAppLogs -INFO - Taking Screenshot
2021-05-12 19:44:05,599 - PatientAppLogs -INFO - Screenshot captured
2021-05-12 19:48:44,172 - PatientAppLogs -INFO - Launching App, Apk version: C:\Users\admin\git\repository\PatientAppAutomation\Apk\Patient_11_may.apk
2021-05-12 19:48:44,182 - PatientAppLogs -INFO - Using Test Data Excel Sheet: PatientAppData.xlsx
2021-05-12 19:48:49,210 - PatientAppLogs -INFO - Launching Application
2021-05-12 19:49:32,798 - PatientAppLogs -INFO - Clicked on Skip button to proceed for login
2021-05-12 19:49:40,480 - PatientAppLogs -INFO - Alert Accepted
2021-05-12 19:49:44,880 - PatientAppLogs -INFO - Phone number entered
2021-05-12 19:49:48,923 - PatientAppLogs -INFO - Clicked on Request OTP
2021-05-12 19:50:33,925 - PatientAppLogs -INFO - OTP entered
2021-05-12 19:50:37,919 - PatientAppLogs -INFO - Clicked on Verify number
2021-05-12 19:50:46,915 - PatientAppLogs -INFO - Alert Accepted
2021-05-12 19:50:46,921 - PatientAppLogs -INFO - Time taken in App Launch and login in Emulator: 2 Minutes
2021-05-12 19:51:01,936 - PatientAppLogs -INFO - Login Successfull
2021-05-12 19:55:56,785 - PatientAppLogs -INFO - Launching App, Apk version: C:\Users\admin\git\repository\PatientAppAutomation\Apk\Patient_11_may.apk
2021-05-12 19:55:56,791 - PatientAppLogs -INFO - Using Test Data Excel Sheet: PatientAppData.xlsx
2021-05-12 19:56:01,810 - PatientAppLogs -INFO - Launching Application
2021-05-12 19:56:46,017 - PatientAppLogs -INFO - Clicked on Skip button to proceed for login
2021-05-12 19:56:53,303 - PatientAppLogs -INFO - Alert Accepted
2021-05-12 19:56:58,427 - PatientAppLogs -INFO - Phone number entered
2021-05-12 19:57:02,645 - PatientAppLogs -INFO - Clicked on Request OTP
2021-05-12 19:57:47,655 - PatientAppLogs -INFO - OTP entered
2021-05-12 19:57:53,034 - PatientAppLogs -INFO - Clicked on Verify number
2021-05-12 19:58:02,321 - PatientAppLogs -INFO - Alert Accepted
2021-05-12 19:58:02,322 - PatientAppLogs -INFO - Time taken in App Launch and login in Emulator: 2 Minutes
2021-05-12 19:58:17,324 - PatientAppLogs -INFO - Login Successfull
2021-05-12 20:00:50,175 - PatientAppLogs -INFO - Taking Screenshot
2021-05-12 20:00:52,425 - PatientAppLogs -INFO - Screenshot captured
2021-05-13 09:06:00,350 - PatientAppLogs -INFO - Launching App, Apk version: C:\Users\admin\git\repository\PatientAppAutomation\Apk\Patient_11_may.apk
2021-05-13 09:06:00,407 - PatientAppLogs -INFO - Using Test Data Excel Sheet: PatientAppData.xlsx
2021-05-13 09:06:05,437 - PatientAppLogs -INFO - Launching Application
2021-05-13 09:06:42,425 - PatientAppLogs -INFO - Clicked on Skip button to proceed for login
2021-05-13 09:06:49,590 - PatientAppLogs -INFO - Alert Accepted
2021-05-13 09:06:53,609 - PatientAppLogs -INFO - Phone number entered
2021-05-13 09:06:56,261 - PatientAppLogs -INFO - Clicked on Request OTP
2021-05-13 09:07:41,267 - PatientAppLogs -INFO - OTP entered
2021-05-13 09:07:44,755 - PatientAppLogs -INFO - Clicked on Verify number
2021-05-13 09:07:54,433 - PatientAppLogs -INFO - Alert Accepted
2021-05-13 09:07:54,454 - PatientAppLogs -INFO - Time taken in App Launch and login in Emulator: 1 Minutes
2021-05-13 09:08:09,465 - PatientAppLogs -INFO - Login Successfull
2021-05-13 09:08:45,373 - PatientAppLogs -INFO - Taking Screenshot
2021-05-13 09:08:48,577 - PatientAppLogs -INFO - Screenshot captured
2021-05-13 09:09:24,781 - PatientAppLogs -INFO - Launching App, Apk version: C:\Users\admin\git\repository\PatientAppAutomation\Apk\Patient_11_may.apk
2021-05-13 09:09:24,782 - PatientAppLogs -INFO - Using Test Data Excel Sheet: PatientAppData.xlsx
2021-05-13 09:09:29,799 - PatientAppLogs -INFO - Launching Application
2021-05-13 09:10:54,258 - PatientAppLogs -INFO - Launching App, Apk version: C:\Users\admin\git\repository\PatientAppAutomation\Apk\Patient_11_may.apk
2021-05-13 09:10:54,267 - PatientAppLogs -INFO - Using Test Data Excel Sheet: PatientAppData.xlsx
2021-05-13 09:10:59,293 - PatientAppLogs -INFO - Launching Application
2021-05-13 09:11:43,396 - PatientAppLogs -INFO - Clicked on Skip button to proceed for login
2021-05-13 09:11:51,430 - PatientAppLogs -INFO - Alert Accepted
2021-05-13 09:11:56,042 - PatientAppLogs -INFO - Phone number entered
2021-05-13 09:12:00,051 - PatientAppLogs -INFO - Clicked on Request OTP
2021-05-13 09:12:45,055 - PatientAppLogs -INFO - OTP entered
2021-05-13 09:12:48,739 - PatientAppLogs -INFO - Clicked on Verify number
2021-05-13 09:12:58,070 - PatientAppLogs -INFO - Alert Accepted
2021-05-13 09:12:58,070 - PatientAppLogs -INFO - Time taken in App Launch and login in Emulator: 2 Minutes
2021-05-13 09:13:13,074 - PatientAppLogs -INFO - Login Successfull
2021-05-13 09:13:17,693 - PatientAppLogs -INFO - Taking Screenshot
2021-05-13 09:13:19,368 - PatientAppLogs -INFO - Screenshot captured
2021-05-13 09:15:29,861 - PatientAppLogs -INFO - Launching App, Apk version: C:\Users\admin\git\repository\PatientAppAutomation\Apk\Patient_11_may.apk
2021-05-13 09:15:29,868 - PatientAppLogs -INFO - Using Test Data Excel Sheet: PatientAppData.xlsx
2021-05-13 09:15:34,889 - PatientAppLogs -INFO - Launching Application
2021-05-13 09:16:19,786 - PatientAppLogs -INFO - Clicked on Skip button to proceed for login
2021-05-13 09:16:26,770 - PatientAppLogs -INFO - Alert Accepted
2021-05-13 09:16:31,769 - PatientAppLogs -INFO - Phone number entered
2021-05-13 09:16:34,702 - PatientAppLogs -INFO - Clicked on Request OTP
2021-05-13 09:17:19,703 - PatientAppLogs -INFO - OTP entered
2021-05-13 09:17:23,973 - PatientAppLogs -INFO - Clicked on Verify number
2021-05-13 09:17:31,934 - PatientAppLogs -INFO - Alert Accepted
2021-05-13 09:17:31,967 - PatientAppLogs -INFO - Time taken in App Launch and login in Emulator: 2 Minutes
2021-05-13 09:17:51,970 - PatientAppLogs -INFO - Login Successfull
2021-05-13 09:18:42,157 - PatientAppLogs -INFO - Taking Screenshot
2021-05-13 09:18:43,688 - PatientAppLogs -INFO - Screenshot captured
2021-05-13 09:21:31,741 - PatientAppLogs -INFO - Launching App, Apk version: C:\Users\admin\git\repository\PatientAppAutomation\Apk\Patient_11_may.apk
2021-05-13 09:21:31,750 - PatientAppLogs -INFO - Using Test Data Excel Sheet: PatientAppData.xlsx
2021-05-13 09:21:36,775 - PatientAppLogs -INFO - Launching Application
2021-05-13 09:22:20,528 - PatientAppLogs -INFO - Clicked on Skip button to proceed for login
2021-05-13 09:22:28,328 - PatientAppLogs -INFO - Alert Accepted
2021-05-13 09:22:31,644 - PatientAppLogs -INFO - Phone number entered
2021-05-13 09:22:36,404 - PatientAppLogs -INFO - Clicked on Request OTP
2021-05-13 09:23:21,406 - PatientAppLogs -INFO - OTP entered
2021-05-13 09:23:24,437 - PatientAppLogs -INFO - Clicked on Verify number
2021-05-13 09:23:33,716 - PatientAppLogs -INFO - Alert Accepted
2021-05-13 09:23:33,717 - PatientAppLogs -INFO - Time taken in App Launch and login in Emulator: 2 Minutes
2021-05-13 09:23:53,720 - PatientAppLogs -INFO - Login Successfull
2021-05-13 09:24:55,358 - PatientAppLogs -INFO - Taking Screenshot
2021-05-13 09:24:56,924 - PatientAppLogs -INFO - Screenshot captured
2021-05-13 09:53:09,855 - PatientAppLogs -INFO - Launching App, Apk version: C:\Users\admin\git\repository\PatientAppAutomation\Apk\Patient_11_may.apk
2021-05-13 09:53:09,897 - PatientAppLogs -INFO - Using Test Data Excel Sheet: PatientAppData.xlsx
2021-05-13 09:53:14,919 - PatientAppLogs -INFO - Launching Application
2021-05-13 09:53:59,345 - PatientAppLogs -INFO - Clicked on Skip button to proceed for login
2021-05-13 09:54:07,185 - PatientAppLogs -INFO - Alert Accepted
2021-05-13 09:54:10,094 - PatientAppLogs -INFO - Phone number entered
2021-05-13 09:54:14,495 - PatientAppLogs -INFO - Clicked on Request OTP
2021-05-13 09:54:59,497 - PatientAppLogs -INFO - OTP entered
2021-05-13 09:55:03,604 - PatientAppLogs -INFO - Clicked on Verify number
2021-05-13 09:55:12,592 - PatientAppLogs -INFO - Alert Accepted
2021-05-13 09:55:12,605 - PatientAppLogs -INFO - Time taken in App Launch and login in Emulator: 2 Minutes
2021-05-13 09:55:32,660 - PatientAppLogs -INFO - Login Successfull
2021-05-13 10:07:43,942 - PatientAppLogs -INFO - Launching App, Apk version: C:\Users\admin\git\repository\PatientAppAutomation\Apk\Patient_11_may.apk
2021-05-13 10:07:43,949 - PatientAppLogs -INFO - Using Test Data Excel Sheet: PatientAppData.xlsx
2021-05-13 10:07:48,985 - PatientAppLogs -INFO - Launching Application
2021-05-13 10:08:33,670 - PatientAppLogs -INFO - Clicked on Skip button to proceed for login
2021-05-13 10:08:43,391 - PatientAppLogs -INFO - Alert Accepted
2021-05-13 10:08:47,227 - PatientAppLogs -INFO - Phone number entered
2021-05-13 10:08:53,799 - PatientAppLogs -INFO - Clicked on Request OTP
2021-05-13 10:09:38,801 - PatientAppLogs -INFO - OTP entered
2021-05-13 10:09:43,414 - PatientAppLogs -INFO - Clicked on Verify number
2021-05-13 10:09:53,518 - PatientAppLogs -INFO - Alert Accepted
2021-05-13 10:09:53,519 - PatientAppLogs -INFO - Time taken in App Launch and login in Emulator: 2 Minutes
2021-05-13 10:10:13,522 - PatientAppLogs -INFO - Login Successfull
2021-05-13 10:14:23,801 - PatientAppLogs -INFO - Taking Screenshot
2021-05-13 10:14:26,181 - PatientAppLogs -INFO - Screenshot captured
2021-05-13 10:22:22,379 - PatientAppLogs -INFO - Launching App, Apk version: C:\Users\admin\git\repository\PatientAppAutomation\Apk\Patient_11_may.apk
2021-05-13 10:22:22,387 - PatientAppLogs -INFO - Using Test Data Excel Sheet: PatientAppData.xlsx
2021-05-13 10:22:27,425 - PatientAppLogs -INFO - Launching Application
2021-05-13 10:23:10,420 - PatientAppLogs -INFO - Clicked on Skip button to proceed for login
2021-05-13 10:23:18,885 - PatientAppLogs -INFO - Alert Accepted
2021-05-13 10:23:24,017 - PatientAppLogs -INFO - Phone number entered
2021-05-13 10:23:26,910 - PatientAppLogs -INFO - Clicked on Request OTP
2021-05-13 10:24:11,912 - PatientAppLogs -INFO - OTP entered
2021-05-13 10:24:16,366 - PatientAppLogs -INFO - Clicked on Verify number
2021-05-13 10:24:25,005 - PatientAppLogs -INFO - Alert Accepted
2021-05-13 10:24:25,007 - PatientAppLogs -INFO - Time taken in App Launch and login in Emulator: 2 Minutes
2021-05-13 10:24:45,020 - PatientAppLogs -INFO - Login Successfull
2021-05-13 10:27:13,819 - PatientAppLogs -INFO - Launching App, Apk version: C:\Users\admin\git\repository\PatientAppAutomation\Apk\Patient_11_may.apk
2021-05-13 10:27:13,828 - PatientAppLogs -INFO - Using Test Data Excel Sheet: PatientAppData.xlsx
2021-05-13 10:27:18,850 - PatientAppLogs -INFO - Launching Application
2021-05-13 10:28:03,100 - PatientAppLogs -INFO - Clicked on Skip button to proceed for login
2021-05-13 10:28:10,454 - PatientAppLogs -INFO - Alert Accepted
2021-05-13 10:28:15,860 - PatientAppLogs -INFO - Phone number entered
2021-05-13 10:28:18,778 - PatientAppLogs -INFO - Clicked on Request OTP
2021-05-13 10:29:03,780 - PatientAppLogs -INFO - OTP entered
2021-05-13 10:29:08,052 - PatientAppLogs -INFO - Clicked on Verify number
2021-05-13 10:29:15,737 - PatientAppLogs -INFO - Alert Accepted
2021-05-13 10:29:15,738 - PatientAppLogs -INFO - Time taken in App Launch and login in Emulator: 2 Minutes
2021-05-13 10:29:35,741 - PatientAppLogs -INFO - Login Successfull
2021-05-13 10:35:07,359 - PatientAppLogs -INFO - Launching App, Apk version: C:\Users\admin\git\repository\PatientAppAutomation\Apk\Patient_11_may.apk
2021-05-13 10:35:07,370 - PatientAppLogs -INFO - Using Test Data Excel Sheet: PatientAppData.xlsx
2021-05-13 10:35:12,396 - PatientAppLogs -INFO - Launching Application
2021-05-13 10:35:55,144 - PatientAppLogs -INFO - Clicked on Skip button to proceed for login
2021-05-13 10:36:03,655 - PatientAppLogs -INFO - Alert Accepted
2021-05-13 10:36:08,445 - PatientAppLogs -INFO - Phone number entered
2021-05-13 10:36:11,434 - PatientAppLogs -INFO - Clicked on Request OTP
2021-05-13 10:36:56,436 - PatientAppLogs -INFO - OTP entered
2021-05-13 10:37:00,742 - PatientAppLogs -INFO - Clicked on Verify number
2021-05-13 10:37:08,943 - PatientAppLogs -INFO - Alert Accepted
2021-05-13 10:37:08,944 - PatientAppLogs -INFO - Time taken in App Launch and login in Emulator: 2 Minutes
2021-05-13 10:37:28,947 - PatientAppLogs -INFO - Login Successfull
2021-05-13 10:48:35,122 - PatientAppLogs -INFO - Launching App, Apk version: C:\Users\admin\git\repository\PatientAppAutomation\Apk\Patient_11_may.apk
2021-05-13 10:48:35,135 - PatientAppLogs -INFO - Using Test Data Excel Sheet: PatientAppData.xlsx
2021-05-13 10:48:40,209 - PatientAppLogs -INFO - Launching Application
2021-05-13 10:49:23,938 - PatientAppLogs -INFO - Clicked on Skip button to proceed for login
2021-05-13 10:49:33,900 - PatientAppLogs -INFO - Alert Accepted
2021-05-13 10:49:38,103 - PatientAppLogs -INFO - Phone number entered
2021-05-13 10:49:44,811 - PatientAppLogs -INFO - Clicked on Request OTP
2021-05-13 10:50:29,816 - PatientAppLogs -INFO - OTP entered
2021-05-13 10:50:33,743 - PatientAppLogs -INFO - Clicked on Verify number
2021-05-13 10:50:42,781 - PatientAppLogs -INFO - Alert Accepted
2021-05-13 10:50:42,782 - PatientAppLogs -INFO - Time taken in App Launch and login in Emulator: 2 Minutes
2021-05-13 10:51:02,785 - PatientAppLogs -INFO - Login Successfull
2021-05-13 10:53:27,872 - PatientAppLogs -INFO - Launching App, Apk version: C:\Users\admin\git\repository\PatientAppAutomation\Apk\Patient_11_may.apk
2021-05-13 10:53:27,882 - PatientAppLogs -INFO - Using Test Data Excel Sheet: PatientAppData.xlsx
2021-05-13 10:53:32,913 - PatientAppLogs -INFO - Launching Application
2021-05-13 10:54:19,410 - PatientAppLogs -INFO - Clicked on Skip button to proceed for login
2021-05-13 10:54:27,404 - PatientAppLogs -INFO - Alert Accepted
2021-05-13 10:54:31,520 - PatientAppLogs -INFO - Phone number entered
2021-05-13 10:54:34,836 - PatientAppLogs -INFO - Clicked on Request OTP
2021-05-13 10:55:19,838 - PatientAppLogs -INFO - OTP entered
2021-05-13 10:55:24,100 - PatientAppLogs -INFO - Clicked on Verify number
2021-05-13 10:55:33,651 - PatientAppLogs -INFO - Alert Accepted
2021-05-13 10:55:33,652 - PatientAppLogs -INFO - Time taken in App Launch and login in Emulator: 2 Minutes
2021-05-13 10:55:53,654 - PatientAppLogs -INFO - Login Successfull
2021-05-13 11:00:01,667 - PatientAppLogs -INFO - Taking Screenshot
2021-05-13 11:00:03,480 - PatientAppLogs -INFO - Screenshot captured
2021-05-13 11:04:48,176 - PatientAppLogs -INFO - Launching App, Apk version: C:\Users\admin\git\repository\PatientAppAutomation\Apk\Patient_11_may.apk
2021-05-13 11:04:48,186 - PatientAppLogs -INFO - Using Test Data Excel Sheet: PatientAppData.xlsx
2021-05-13 11:04:53,208 - PatientAppLogs -INFO - Launching Application
2021-05-13 11:05:34,895 - PatientAppLogs -INFO - Clicked on Skip button to proceed for login
2021-05-13 11:05:42,105 - PatientAppLogs -INFO - Alert Accepted
2021-05-13 11:05:44,505 - PatientAppLogs -INFO - Phone number entered
2021-05-13 11:05:52,228 - PatientAppLogs -INFO - Clicked on Request OTP
2021-05-13 11:06:37,231 - PatientAppLogs -INFO - OTP entered
2021-05-13 11:06:41,748 - PatientAppLogs -INFO - Clicked on Verify number
2021-05-13 11:06:49,667 - PatientAppLogs -INFO - Alert Accepted
2021-05-13 11:06:49,670 - PatientAppLogs -INFO - Time taken in App Launch and login in Emulator: 2 Minutes
2021-05-13 11:07:09,674 - PatientAppLogs -INFO - Login Successfull
2021-05-13 11:11:17,858 - PatientAppLogs -INFO - Taking Screenshot
2021-05-13 11:11:19,243 - PatientAppLogs -INFO - Screenshot captured
2021-05-13 11:13:32,303 - PatientAppLogs -INFO - Launching App, Apk version: C:\Users\admin\git\repository\PatientAppAutomation\Apk\Patient_11_may.apk
2021-05-13 11:13:32,316 - PatientAppLogs -INFO - Using Test Data Excel Sheet: PatientAppData.xlsx
2021-05-13 11:13:37,346 - PatientAppLogs -INFO - Launching Application
2021-05-13 11:14:18,534 - PatientAppLogs -INFO - Clicked on Skip button to proceed for login
2021-05-13 11:14:26,414 - PatientAppLogs -INFO - Alert Accepted
2021-05-13 11:14:31,095 - PatientAppLogs -INFO - Phone number entered
2021-05-13 11:14:34,509 - PatientAppLogs -INFO - Clicked on Request OTP
2021-05-13 11:15:19,511 - PatientAppLogs -INFO - OTP entered
2021-05-13 11:15:23,149 - PatientAppLogs -INFO - Clicked on Verify number
2021-05-13 11:15:31,693 - PatientAppLogs -INFO - Alert Accepted
2021-05-13 11:15:31,694 - PatientAppLogs -INFO - Time taken in App Launch and login in Emulator: 1 Minutes
2021-05-13 11:15:51,696 - PatientAppLogs -INFO - Login Successfull
2021-05-13 14:06:46,099 - PatientAppLogs -INFO - Launching App, Apk version: C:\Users\admin\git\repository\PatientAppAutomation\Apk\Patient_11_may.apk
2021-05-13 14:06:46,113 - PatientAppLogs -INFO - Using Test Data Excel Sheet: PatientAppData.xlsx
2021-05-13 14:06:51,141 - PatientAppLogs -INFO - Launching Application
2021-05-13 14:07:35,054 - PatientAppLogs -INFO - Clicked on Skip button to proceed for login
2021-05-13 14:07:43,790 - PatientAppLogs -INFO - Alert Accepted
2021-05-13 14:07:48,166 - PatientAppLogs -INFO - Phone number entered
2021-05-13 14:07:51,281 - PatientAppLogs -INFO - Clicked on Request OTP
2021-05-13 14:08:36,325 - PatientAppLogs -INFO - OTP entered
2021-05-13 14:08:39,485 - PatientAppLogs -INFO - Clicked on Verify number
2021-05-13 14:08:49,521 - PatientAppLogs -INFO - Alert Accepted
2021-05-13 14:08:49,522 - PatientAppLogs -INFO - Time taken in App Launch and login in Emulator: 2 Minutes
2021-05-13 14:09:09,523 - PatientAppLogs -INFO - Login Successfull
2021-05-13 14:13:06,573 - PatientAppLogs -INFO - Launching App, Apk version: C:\Users\admin\git\repository\PatientAppAutomation\Apk\Patient_11_may.apk
2021-05-13 14:13:06,581 - PatientAppLogs -INFO - Using Test Data Excel Sheet: PatientAppData.xlsx
2021-05-13 14:13:11,605 - PatientAppLogs -INFO - Launching Application
2021-05-13 14:13:52,169 - PatientAppLogs -INFO - Clicked on Skip button to proceed for login
2021-05-13 14:14:00,243 - PatientAppLogs -INFO - Alert Accepted
2021-05-13 14:14:04,653 - PatientAppLogs -INFO - Phone number entered
2021-05-13 14:14:08,979 - PatientAppLogs -INFO - Clicked on Request OTP
2021-05-13 14:14:53,980 - PatientAppLogs -INFO - OTP entered
2021-05-13 14:14:57,785 - PatientAppLogs -INFO - Clicked on Verify number
2021-05-13 14:15:07,313 - PatientAppLogs -INFO - Alert Accepted
2021-05-13 14:15:07,317 - PatientAppLogs -INFO - Time taken in App Launch and login in Emulator: 2 Minutes
2021-05-13 14:15:27,321 - PatientAppLogs -INFO - Login Successfull
2021-05-13 14:16:03,837 - PatientAppLogs -INFO - Taking Screenshot
2021-05-13 14:16:05,949 - PatientAppLogs -INFO - Screenshot captured
2021-05-13 14:16:32,450 - PatientAppLogs -INFO - Launching App, Apk version: C:\Users\admin\git\repository\PatientAppAutomation\Apk\Patient_11_may.apk
2021-05-13 14:16:32,451 - PatientAppLogs -INFO - Using Test Data Excel Sheet: PatientAppData.xlsx
2021-05-13 14:16:37,483 - PatientAppLogs -INFO - Launching Application
2021-05-13 14:28:47,798 - PatientAppLogs -INFO - Launching App, Apk version: C:\Users\admin\git\repository\PatientAppAutomation\Apk\Patient_11_may.apk
2021-05-13 14:28:47,806 - PatientAppLogs -INFO - Using Test Data Excel Sheet: PatientAppData.xlsx
2021-05-13 14:28:52,831 - PatientAppLogs -INFO - Launching Application
2021-05-13 14:29:36,103 - PatientAppLogs -INFO - Clicked on Skip button to proceed for login
2021-05-13 14:29:43,737 - PatientAppLogs -INFO - Alert Accepted
2021-05-13 14:29:48,511 - PatientAppLogs -INFO - Phone number entered
2021-05-13 14:29:52,924 - PatientAppLogs -INFO - Clicked on Request OTP
2021-05-13 14:30:37,926 - PatientAppLogs -INFO - OTP entered
2021-05-13 14:30:41,994 - PatientAppLogs -INFO - Clicked on Verify number
2021-05-13 14:30:50,655 - PatientAppLogs -INFO - Alert Accepted
2021-05-13 14:30:50,657 - PatientAppLogs -INFO - Time taken in App Launch and login in Emulator: 2 Minutes
2021-05-13 14:31:10,658 - PatientAppLogs -INFO - Login Successfull
2021-05-13 14:31:33,245 - PatientAppLogs -INFO - Taking Screenshot
2021-05-13 14:31:34,789 - PatientAppLogs -INFO - Screenshot captured
2021-05-13 14:36:53,708 - PatientAppLogs -INFO - Launching App, Apk version: C:\Users\admin\git\repository\PatientAppAutomation\Apk\Patient_11_may.apk
2021-05-13 14:36:53,717 - PatientAppLogs -INFO - Using Test Data Excel Sheet: PatientAppData.xlsx
2021-05-13 14:36:58,742 - PatientAppLogs -INFO - Launching Application
2021-05-13 14:37:42,392 - PatientAppLogs -INFO - Clicked on Skip button to proceed for login
2021-05-13 14:37:49,823 - PatientAppLogs -INFO - Alert Accepted
2021-05-13 14:37:52,591 - PatientAppLogs -INFO - Phone number entered
2021-05-13 14:37:58,699 - PatientAppLogs -INFO - Clicked on Request OTP
2021-05-13 14:38:43,701 - PatientAppLogs -INFO - OTP entered
2021-05-13 14:38:46,932 - PatientAppLogs -INFO - Clicked on Verify number
2021-05-13 14:38:57,137 - PatientAppLogs -INFO - Alert Accepted
2021-05-13 14:38:57,140 - PatientAppLogs -INFO - Time taken in App Launch and login in Emulator: 2 Minutes
2021-05-13 14:39:17,141 - PatientAppLogs -INFO - Login Successfull
2021-05-13 14:39:43,803 - PatientAppLogs -INFO - Taking Screenshot
2021-05-13 14:39:46,108 - PatientAppLogs -INFO - Screenshot captured
2021-05-13 14:49:56,424 - PatientAppLogs -INFO - Launching App, Apk version: C:\Users\admin\git\repository\PatientAppAutomation\Apk\Patient_11_may.apk
2021-05-13 14:49:56,432 - PatientAppLogs -INFO - Using Test Data Excel Sheet: PatientAppData.xlsx
2021-05-13 14:50:01,453 - PatientAppLogs -INFO - Launching Application
2021-05-13 14:50:44,125 - PatientAppLogs -INFO - Clicked on Skip button to proceed for login
2021-05-13 14:50:52,810 - PatientAppLogs -INFO - Alert Accepted
2021-05-13 14:50:57,603 - PatientAppLogs -INFO - Phone number entered
2021-05-13 14:51:02,153 - PatientAppLogs -INFO - Clicked on Request OTP
2021-05-13 14:51:47,155 - PatientAppLogs -INFO - OTP entered
2021-05-13 14:51:51,670 - PatientAppLogs -INFO - Clicked on Verify number
2021-05-13 14:52:00,673 - PatientAppLogs -INFO - Alert Accepted
2021-05-13 14:52:00,676 - PatientAppLogs -INFO - Time taken in App Launch and login in Emulator: 2 Minutes
2021-05-13 14:52:20,678 - PatientAppLogs -INFO - Login Successfull
2021-05-13 14:56:47,083 - PatientAppLogs -INFO - Launching App, Apk version: C:\Users\admin\git\repository\PatientAppAutomation\Apk\Patient_11_may.apk
2021-05-13 14:56:47,091 - PatientAppLogs -INFO - Using Test Data Excel Sheet: PatientAppData.xlsx
2021-05-13 14:56:52,116 - PatientAppLogs -INFO - Launching Application
2021-05-13 14:57:36,572 - PatientAppLogs -INFO - Clicked on Skip button to proceed for login
2021-05-13 14:57:45,005 - PatientAppLogs -INFO - Alert Accepted
2021-05-13 14:57:49,857 - PatientAppLogs -INFO - Phone number entered
2021-05-13 14:57:52,602 - PatientAppLogs -INFO - Clicked on Request OTP
2021-05-13 14:58:37,603 - PatientAppLogs -INFO - OTP entered
2021-05-13 14:58:41,837 - PatientAppLogs -INFO - Clicked on Verify number
2021-05-13 14:58:51,203 - PatientAppLogs -INFO - Alert Accepted
2021-05-13 14:58:51,206 - PatientAppLogs -INFO - Time taken in App Launch and login in Emulator: 2 Minutes
2021-05-13 14:59:11,208 - PatientAppLogs -INFO - Login Successfull
2021-05-13 15:00:30,481 - PatientAppLogs -INFO - Taking Screenshot
2021-05-13 15:00:32,060 - PatientAppLogs -INFO - Screenshot captured
2021-05-13 15:01:02,892 - PatientAppLogs -INFO - Launching App, Apk version: C:\Users\admin\git\repository\PatientAppAutomation\Apk\Patient_11_may.apk
2021-05-13 15:01:02,893 - PatientAppLogs -INFO - Using Test Data Excel Sheet: PatientAppData.xlsx
2021-05-13 15:01:07,919 - PatientAppLogs -INFO - Launching Application
2021-05-13 15:01:53,691 - PatientAppLogs -INFO - Clicked on Skip button to proceed for login
2021-05-13 15:02:02,847 - PatientAppLogs -INFO - Alert Accepted
2021-05-13 15:02:07,658 - PatientAppLogs -INFO - Phone number entered
2021-05-13 15:02:11,784 - PatientAppLogs -INFO - Clicked on Request OTP
2021-05-13 15:02:56,786 - PatientAppLogs -INFO - OTP entered
2021-05-13 15:03:01,546 - PatientAppLogs -INFO - Clicked on Verify number
2021-05-13 15:03:09,685 - PatientAppLogs -INFO - Alert Accepted
2021-05-13 15:03:09,686 - PatientAppLogs -INFO - Time taken in App Launch and login in Emulator: 2 Minutes
2021-05-13 15:03:29,687 - PatientAppLogs -INFO - Login Successfull
2021-05-13 15:07:38,181 - PatientAppLogs -INFO - Taking Screenshot
2021-05-13 15:07:39,896 - PatientAppLogs -INFO - Screenshot captured
2021-05-13 15:19:29,244 - PatientAppLogs -INFO - Launching App, Apk version: C:\Users\admin\git\repository\PatientAppAutomation\Apk\Patient_11_may.apk
2021-05-13 15:19:29,251 - PatientAppLogs -INFO - Using Test Data Excel Sheet: PatientAppData.xlsx
2021-05-13 15:19:34,278 - PatientAppLogs -INFO - Launching Application
2021-05-13 15:20:19,548 - PatientAppLogs -INFO - Clicked on Skip button to proceed for login
2021-05-13 15:20:28,758 - PatientAppLogs -INFO - Alert Accepted
2021-05-13 15:20:32,509 - PatientAppLogs -INFO - Phone number entered
2021-05-13 15:20:39,061 - PatientAppLogs -INFO - Clicked on Request OTP
2021-05-13 15:21:24,064 - PatientAppLogs -INFO - OTP entered
2021-05-13 15:21:28,822 - PatientAppLogs -INFO - Clicked on Verify number
2021-05-13 15:21:37,587 - PatientAppLogs -INFO - Alert Accepted
2021-05-13 15:21:37,588 - PatientAppLogs -INFO - Time taken in App Launch and login in Emulator: 2 Minutes
2021-05-13 15:21:57,590 - PatientAppLogs -INFO - Login Successfull
2021-05-13 15:24:05,952 - PatientAppLogs -INFO - Taking Screenshot
2021-05-13 15:24:08,560 - PatientAppLogs -INFO - Screenshot captured
2021-05-13 15:26:07,047 - PatientAppLogs -INFO - Launching App, Apk version: C:\Users\admin\git\repository\PatientAppAutomation\Apk\Patient_11_may.apk
2021-05-13 15:26:07,058 - PatientAppLogs -INFO - Using Test Data Excel Sheet: PatientAppData.xlsx
2021-05-13 15:26:12,080 - PatientAppLogs -INFO - Launching Application
2021-05-13 15:26:56,936 - PatientAppLogs -INFO - Clicked on Skip button to proceed for login
2021-05-13 15:27:05,111 - PatientAppLogs -INFO - Alert Accepted
2021-05-13 15:27:08,283 - PatientAppLogs -INFO - Phone number entered
2021-05-13 15:27:13,507 - PatientAppLogs -INFO - Clicked on Request OTP
2021-05-13 15:27:58,508 - PatientAppLogs -INFO - OTP entered
2021-05-13 15:28:03,003 - PatientAppLogs -INFO - Clicked on Verify number
2021-05-13 15:28:09,242 - PatientAppLogs -INFO - Alert Accepted
2021-05-13 15:28:09,247 - PatientAppLogs -INFO - Time taken in App Launch and login in Emulator: 2 Minutes
2021-05-13 15:28:29,247 - PatientAppLogs -INFO - Login Successfull
2021-05-13 15:37:48,802 - PatientAppLogs -INFO - Launching App, Apk version: C:\Users\admin\git\repository\PatientAppAutomation\Apk\Patient_11_may.apk
2021-05-13 15:37:48,810 - PatientAppLogs -INFO - Using Test Data Excel Sheet: PatientAppData.xlsx
2021-05-13 15:37:53,831 - PatientAppLogs -INFO - Launching Application
2021-05-13 15:38:28,535 - PatientAppLogs -INFO - Clicked on Skip button to proceed for login
2021-05-13 15:38:35,152 - PatientAppLogs -INFO - Alert Accepted
2021-05-13 15:38:40,463 - PatientAppLogs -INFO - Phone number entered
2021-05-13 15:38:43,215 - PatientAppLogs -INFO - Clicked on Request OTP
2021-05-13 15:39:28,217 - PatientAppLogs -INFO - OTP entered
2021-05-13 15:39:32,138 - PatientAppLogs -INFO - Clicked on Verify number
2021-05-13 15:39:57,684 - PatientAppLogs -INFO - Alert Accepted
2021-05-13 15:39:57,688 - PatientAppLogs -INFO - Time taken in App Launch and login in Emulator: 2 Minutes
2021-05-13 15:40:17,692 - PatientAppLogs -INFO - Login Successfull
2021-05-13 15:41:10,350 - PatientAppLogs -INFO - Taking Screenshot
2021-05-13 15:41:11,791 - PatientAppLogs -INFO - Screenshot captured
2021-05-13 15:41:42,214 - PatientAppLogs -INFO - Launching App, Apk version: C:\Users\admin\git\repository\PatientAppAutomation\Apk\Patient_11_may.apk
2021-05-13 15:41:42,214 - PatientAppLogs -INFO - Using Test Data Excel Sheet: PatientAppData.xlsx
2021-05-13 15:41:47,230 - PatientAppLogs -INFO - Launching Application
2021-05-13 15:42:22,859 - PatientAppLogs -INFO - Clicked on Skip button to proceed for login
2021-05-13 15:42:29,537 - PatientAppLogs -INFO - Alert Accepted
2021-05-13 15:42:34,428 - PatientAppLogs -INFO - Phone number entered
2021-05-13 15:42:37,197 - PatientAppLogs -INFO - Clicked on Request OTP
2021-05-13 15:43:22,200 - PatientAppLogs -INFO - OTP entered
2021-05-13 15:43:26,467 - PatientAppLogs -INFO - Clicked on Verify number
2021-05-13 15:43:33,624 - PatientAppLogs -INFO - Alert Accepted
2021-05-13 15:43:33,624 - PatientAppLogs -INFO - Time taken in App Launch and login in Emulator: 1 Minutes
2021-05-13 15:43:53,625 - PatientAppLogs -INFO - Login Successfull
2021-05-13 15:44:14,685 - PatientAppLogs -INFO - Taking Screenshot
2021-05-13 15:44:16,379 - PatientAppLogs -INFO - Screenshot captured
2021-05-13 15:44:45,341 - PatientAppLogs -INFO - Launching App, Apk version: C:\Users\admin\git\repository\PatientAppAutomation\Apk\Patient_11_may.apk
2021-05-13 15:44:45,345 - PatientAppLogs -INFO - Using Test Data Excel Sheet: PatientAppData.xlsx
2021-05-13 15:44:50,358 - PatientAppLogs -INFO - Launching Application
2021-05-13 15:45:27,074 - PatientAppLogs -INFO - Clicked on Skip button to proceed for login
2021-05-13 15:45:33,768 - PatientAppLogs -INFO - Alert Accepted
2021-05-13 15:45:37,948 - PatientAppLogs -INFO - Phone number entered
2021-05-13 15:45:42,558 - PatientAppLogs -INFO - Clicked on Request OTP
2021-05-13 15:46:27,559 - PatientAppLogs -INFO - OTP entered
2021-05-13 15:46:32,960 - PatientAppLogs -INFO - Clicked on Verify number
2021-05-13 15:46:38,846 - PatientAppLogs -INFO - Alert Accepted
2021-05-13 15:46:38,847 - PatientAppLogs -INFO - Time taken in App Launch and login in Emulator: 1 Minutes
2021-05-13 15:46:58,848 - PatientAppLogs -INFO - Login Successfull
2021-05-13 15:47:20,119 - PatientAppLogs -INFO - Taking Screenshot
2021-05-13 15:47:21,834 - PatientAppLogs -INFO - Screenshot captured
2021-05-13 15:49:10,807 - PatientAppLogs -INFO - Launching App, Apk version: C:\Users\admin\git\repository\PatientAppAutomation\Apk\Patient_11_may.apk
2021-05-13 15:49:10,813 - PatientAppLogs -INFO - Using Test Data Excel Sheet: PatientAppData.xlsx
2021-05-13 15:49:15,853 - PatientAppLogs -INFO - Launching Application
2021-05-13 15:49:50,692 - PatientAppLogs -INFO - Clicked on Skip button to proceed for login
2021-05-13 15:49:57,197 - PatientAppLogs -INFO - Alert Accepted
2021-05-13 15:50:02,294 - PatientAppLogs -INFO - Phone number entered
2021-05-13 15:50:06,725 - PatientAppLogs -INFO - Clicked on Request OTP
2021-05-13 15:50:51,732 - PatientAppLogs -INFO - OTP entered
2021-05-13 15:50:54,954 - PatientAppLogs -INFO - Clicked on Verify number
2021-05-13 15:51:02,957 - PatientAppLogs -INFO - Alert Accepted
2021-05-13 15:51:02,958 - PatientAppLogs -INFO - Time taken in App Launch and login in Emulator: 1 Minutes
2021-05-13 15:51:22,963 - PatientAppLogs -INFO - Login Successfull
2021-05-13 15:51:34,072 - PatientAppLogs -INFO - Taking Screenshot
2021-05-13 15:51:35,657 - PatientAppLogs -INFO - Screenshot captured
2021-05-13 15:52:01,760 - PatientAppLogs -INFO - Launching App, Apk version: C:\Users\admin\git\repository\PatientAppAutomation\Apk\Patient_11_may.apk
2021-05-13 15:52:01,761 - PatientAppLogs -INFO - Using Test Data Excel Sheet: PatientAppData.xlsx
2021-05-13 15:52:06,780 - PatientAppLogs -INFO - Launching Application
2021-05-13 15:52:42,311 - PatientAppLogs -INFO - Clicked on Skip button to proceed for login
2021-05-13 15:52:48,445 - PatientAppLogs -INFO - Alert Accepted
2021-05-13 15:52:52,867 - PatientAppLogs -INFO - Phone number entered
2021-05-13 15:52:56,957 - PatientAppLogs -INFO - Clicked on Request OTP
2021-05-13 15:53:41,958 - PatientAppLogs -INFO - OTP entered
2021-05-13 15:53:46,350 - PatientAppLogs -INFO - Clicked on Verify number
2021-05-13 15:53:52,992 - PatientAppLogs -INFO - Alert Accepted
2021-05-13 15:53:52,993 - PatientAppLogs -INFO - Time taken in App Launch and login in Emulator: 1 Minutes
2021-05-13 15:54:12,996 - PatientAppLogs -INFO - Login Successfull
2021-05-13 15:54:41,741 - PatientAppLogs -INFO - Taking Screenshot
2021-05-13 15:54:42,969 - PatientAppLogs -INFO - Screenshot captured
2021-05-13 16:34:04,596 - PatientAppLogs -INFO - Launching App, Apk version: C:\Users\admin\git\repository\PatientAppAutomation\Apk\Patient_11_may.apk
2021-05-13 16:34:04,603 - PatientAppLogs -INFO - Using Test Data Excel Sheet: PatientAppData.xlsx
2021-05-13 16:34:09,641 - PatientAppLogs -INFO - Launching Application
2021-05-13 16:34:48,971 - PatientAppLogs -INFO - Clicked on Skip button to proceed for login
2021-05-13 16:34:57,425 - PatientAppLogs -INFO - Alert Accepted
2021-05-13 16:35:01,866 - PatientAppLogs -INFO - Phone number entered
2021-05-13 16:35:08,452 - PatientAppLogs -INFO - Clicked on Request OTP
2021-05-13 16:35:53,454 - PatientAppLogs -INFO - OTP entered
2021-05-13 16:35:57,983 - PatientAppLogs -INFO - Clicked on Verify number
2021-05-13 16:36:05,456 - PatientAppLogs -INFO - Alert Accepted
2021-05-13 16:36:05,460 - PatientAppLogs -INFO - Time taken in App Launch and login in Emulator: 2 Minutes
2021-05-13 16:36:25,462 - PatientAppLogs -INFO - Login Successfull
2021-05-13 16:36:28,364 - PatientAppLogs -INFO - Taking Screenshot
2021-05-13 16:36:31,976 - PatientAppLogs -INFO - Screenshot captured
2021-05-13 16:38:15,422 - PatientAppLogs -INFO - Launching App, Apk version: C:\Users\admin\git\repository\PatientAppAutomation\Apk\Patient_11_may.apk
2021-05-13 16:38:15,433 - PatientAppLogs -INFO - Using Test Data Excel Sheet: PatientAppData.xlsx
2021-05-13 16:38:20,493 - PatientAppLogs -INFO - Launching Application
2021-05-13 16:38:20,493 - PatientAppLogs -INFO - Time taken in App Launch in Emulator: 0 Minutes
2021-05-13 16:38:35,496 - PatientAppLogs -INFO - Launch Successfull
2021-05-13 16:39:08,045 - PatientAppLogs -INFO - Taking Screenshot
2021-05-13 16:39:09,534 - PatientAppLogs -INFO - Screenshot captured
2021-05-13 16:39:38,506 - PatientAppLogs -INFO - Launching App, Apk version: C:\Users\admin\git\repository\PatientAppAutomation\Apk\Patient_11_may.apk
2021-05-13 16:39:38,508 - PatientAppLogs -INFO - Using Test Data Excel Sheet: PatientAppData.xlsx
2021-05-13 16:39:43,529 - PatientAppLogs -INFO - Launching Application
2021-05-13 16:39:43,529 - PatientAppLogs -INFO - Time taken in App Launch in Emulator: 0 Minutes
2021-05-13 16:39:58,531 - PatientAppLogs -INFO - Launch Successfull
2021-05-13 16:40:40,501 - PatientAppLogs -INFO - Taking Screenshot
2021-05-13 16:40:42,065 - PatientAppLogs -INFO - Screenshot captured
2021-05-13 16:42:55,389 - PatientAppLogs -INFO - Launching App, Apk version: C:\Users\admin\git\repository\PatientAppAutomation\Apk\Patient_11_may.apk
2021-05-13 16:42:55,397 - PatientAppLogs -INFO - Using Test Data Excel Sheet: PatientAppData.xlsx
2021-05-13 16:43:00,417 - PatientAppLogs -INFO - Launching Application
2021-05-13 16:43:42,521 - PatientAppLogs -INFO - Clicked on Skip button to proceed for login
2021-05-13 16:43:50,270 - PatientAppLogs -INFO - Alert Accepted
2021-05-13 16:43:54,780 - PatientAppLogs -INFO - Phone number entered
2021-05-13 16:43:57,909 - PatientAppLogs -INFO - Clicked on Request OTP
2021-05-13 16:44:42,919 - PatientAppLogs -INFO - OTP entered
2021-05-13 16:44:48,120 - PatientAppLogs -INFO - Clicked on Verify number
2021-05-13 16:44:56,296 - PatientAppLogs -INFO - Alert Accepted
2021-05-13 16:44:56,296 - PatientAppLogs -INFO - Time taken in App Launch and login in Emulator: 2 Minutes
2021-05-13 16:45:16,298 - PatientAppLogs -INFO - Login Successfull
2021-05-13 16:47:07,149 - PatientAppLogs -INFO - Taking Screenshot
2021-05-13 16:47:09,693 - PatientAppLogs -INFO - Screenshot captured
2021-05-13 16:47:36,424 - PatientAppLogs -INFO - Launching App, Apk version: C:\Users\admin\git\repository\PatientAppAutomation\Apk\Patient_11_may.apk
2021-05-13 16:47:36,425 - PatientAppLogs -INFO - Using Test Data Excel Sheet: PatientAppData.xlsx
2021-05-13 16:47:41,450 - PatientAppLogs -INFO - Launching Application
2021-05-13 16:48:25,566 - PatientAppLogs -INFO - Clicked on Skip button to proceed for login
2021-05-13 16:48:33,667 - PatientAppLogs -INFO - Alert Accepted
2021-05-13 16:48:38,953 - PatientAppLogs -INFO - Phone number entered
2021-05-13 16:48:42,821 - PatientAppLogs -INFO - Clicked on Request OTP
2021-05-13 16:49:27,823 - PatientAppLogs -INFO - OTP entered
2021-05-13 16:49:32,355 - PatientAppLogs -INFO - Clicked on Verify number
2021-05-13 16:49:40,469 - PatientAppLogs -INFO - Alert Accepted
2021-05-13 16:49:40,470 - PatientAppLogs -INFO - Time taken in App Launch and login in Emulator: 2 Minutes
2021-05-13 16:50:00,472 - PatientAppLogs -INFO - Login Successfull
2021-05-13 16:51:12,843 - PatientAppLogs -INFO - Taking Screenshot
2021-05-13 16:51:15,892 - PatientAppLogs -INFO - Screenshot captured
2021-05-13 16:54:19,357 - PatientAppLogs -INFO - Launching App, Apk version: C:\Users\admin\git\repository\PatientAppAutomation\Apk\Patient_11_may.apk
2021-05-13 16:54:19,370 - PatientAppLogs -INFO - Using Test Data Excel Sheet: PatientAppData.xlsx
2021-05-13 16:54:24,396 - PatientAppLogs -INFO - Launching Application
2021-05-13 16:55:05,904 - PatientAppLogs -INFO - Clicked on Skip button to proceed for login
2021-05-13 16:55:13,737 - PatientAppLogs -INFO - Alert Accepted
2021-05-13 16:55:17,848 - PatientAppLogs -INFO - Phone number entered
2021-05-13 16:55:21,766 - PatientAppLogs -INFO - Clicked on Request OTP
2021-05-13 16:56:06,768 - PatientAppLogs -INFO - OTP entered
2021-05-13 16:56:10,784 - PatientAppLogs -INFO - Clicked on Verify number
2021-05-13 16:56:18,209 - PatientAppLogs -INFO - Alert Accepted
2021-05-13 16:56:18,210 - PatientAppLogs -INFO - Time taken in App Launch and login in Emulator: 1 Minutes
2021-05-13 16:56:38,212 - PatientAppLogs -INFO - Login Successfull
2021-05-13 17:02:31,578 - PatientAppLogs -INFO - Launching App, Apk version: C:\Users\admin\git\repository\PatientAppAutomation\Apk\Patient_11_may.apk
2021-05-13 17:02:31,591 - PatientAppLogs -INFO - Using Test Data Excel Sheet: PatientAppData.xlsx
2021-05-13 17:02:36,628 - PatientAppLogs -INFO - Launching Application
2021-05-13 17:03:20,213 - PatientAppLogs -INFO - Clicked on Skip button to proceed for login
2021-05-13 17:03:28,556 - PatientAppLogs -INFO - Alert Accepted
2021-05-13 17:03:33,659 - PatientAppLogs -INFO - Phone number entered
2021-05-13 17:03:37,723 - PatientAppLogs -INFO - Clicked on Request OTP
2021-05-13 17:04:22,725 - PatientAppLogs -INFO - OTP entered
2021-05-13 17:04:27,347 - PatientAppLogs -INFO - Clicked on Verify number
2021-05-13 17:04:35,363 - PatientAppLogs -INFO - Alert Accepted
2021-05-13 17:04:35,364 - PatientAppLogs -INFO - Time taken in App Launch and login in Emulator: 2 Minutes
2021-05-13 17:04:55,364 - PatientAppLogs -INFO - Login Successfull
2021-05-13 17:05:56,367 - PatientAppLogs -INFO - Taking Screenshot
2021-05-13 17:05:58,953 - PatientAppLogs -INFO - Screenshot captured
2021-05-13 17:06:31,927 - PatientAppLogs -INFO - Launching App, Apk version: C:\Users\admin\git\repository\PatientAppAutomation\Apk\Patient_11_may.apk
2021-05-13 17:06:31,928 - PatientAppLogs -INFO - Using Test Data Excel Sheet: PatientAppData.xlsx
2021-05-13 17:06:36,944 - PatientAppLogs -INFO - Launching Application
2021-05-13 17:07:20,884 - PatientAppLogs -INFO - Clicked on Skip button to proceed for login
2021-05-13 17:07:29,429 - PatientAppLogs -INFO - Alert Accepted
2021-05-13 17:07:34,177 - PatientAppLogs -INFO - Phone number entered
2021-05-13 17:07:37,714 - PatientAppLogs -INFO - Clicked on Request OTP
2021-05-13 17:08:22,716 - PatientAppLogs -INFO - OTP entered
2021-05-13 17:08:25,859 - PatientAppLogs -INFO - Clicked on Verify number
2021-05-13 17:08:34,955 - PatientAppLogs -INFO - Alert Accepted
2021-05-13 17:08:34,956 - PatientAppLogs -INFO - Time taken in App Launch and login in Emulator: 2 Minutes
2021-05-13 17:08:54,958 - PatientAppLogs -INFO - Login Successfull
2021-05-13 17:11:13,734 - PatientAppLogs -INFO - Taking Screenshot
2021-05-13 17:11:15,755 - PatientAppLogs -INFO - Screenshot captured
2021-05-13 17:13:28,859 - PatientAppLogs -INFO - Launching App, Apk version: C:\Users\admin\git\repository\PatientAppAutomation\Apk\Patient_11_may.apk
2021-05-13 17:13:28,875 - PatientAppLogs -INFO - Using Test Data Excel Sheet: PatientAppData.xlsx
2021-05-13 17:13:33,938 - PatientAppLogs -INFO - Launching Application
2021-05-13 17:14:22,471 - PatientAppLogs -INFO - Clicked on Skip button to proceed for login
2021-05-13 17:14:29,244 - PatientAppLogs -INFO - Alert Accepted
2021-05-13 17:14:34,803 - PatientAppLogs -INFO - Phone number entered
2021-05-13 17:14:39,563 - PatientAppLogs -INFO - Clicked on Request OTP
2021-05-13 17:15:24,564 - PatientAppLogs -INFO - OTP entered
2021-05-13 17:15:28,574 - PatientAppLogs -INFO - Clicked on Verify number
2021-05-13 17:15:37,281 - PatientAppLogs -INFO - Alert Accepted
2021-05-13 17:15:37,282 - PatientAppLogs -INFO - Time taken in App Launch and login in Emulator: 2 Minutes
2021-05-13 17:15:57,283 - PatientAppLogs -INFO - Login Successfull
2021-05-13 17:18:40,492 - PatientAppLogs -INFO - Taking Screenshot
2021-05-13 17:18:45,642 - PatientAppLogs -INFO - Screenshot captured
2021-05-14 20:25:03,119 - PatientAppLogs -INFO - Launching App, Apk version: C:\Users\admin\git\repository\PatientAppAutomation\Apk\Patient_11_may.apk
2021-05-14 20:25:03,131 - PatientAppLogs -INFO - Using Test Data Excel Sheet: PatientAppData.xlsx
2021-05-14 20:25:08,166 - PatientAppLogs -INFO - Launching Application
2021-05-14 20:25:50,813 - PatientAppLogs -INFO - Clicked on Skip button to proceed for login
2021-05-14 20:25:59,966 - PatientAppLogs -INFO - Alert Accepted
2021-05-14 20:26:04,609 - PatientAppLogs -INFO - Phone number entered
2021-05-14 20:26:10,099 - PatientAppLogs -INFO - Clicked on Request OTP
2021-05-14 20:26:55,101 - PatientAppLogs -INFO - OTP entered
2021-05-14 20:26:58,226 - PatientAppLogs -INFO - Clicked on Verify number
2021-05-14 20:27:08,974 - PatientAppLogs -INFO - Alert Accepted
2021-05-14 20:27:08,974 - PatientAppLogs -INFO - Time taken in App Launch and login in Emulator: 2 Minutes
2021-05-14 20:27:28,979 - PatientAppLogs -INFO - Login Successfull
2021-05-14 20:28:27,248 - PatientAppLogs -INFO - Taking Screenshot
2021-05-14 20:28:29,870 - PatientAppLogs -INFO - Screenshot captured
2021-05-14 20:29:05,268 - PatientAppLogs -INFO - Launching App, Apk version: C:\Users\admin\git\repository\PatientAppAutomation\Apk\Patient_11_may.apk
2021-05-14 20:29:05,269 - PatientAppLogs -INFO - Using Test Data Excel Sheet: PatientAppData.xlsx
2021-05-14 20:29:10,293 - PatientAppLogs -INFO - Launching Application
2021-05-14 20:29:54,956 - PatientAppLogs -INFO - Clicked on Skip button to proceed for login
2021-05-14 20:30:03,648 - PatientAppLogs -INFO - Alert Accepted
2021-05-14 20:30:08,781 - PatientAppLogs -INFO - Phone number entered
2021-05-14 20:30:12,953 - PatientAppLogs -INFO - Clicked on Request OTP
2021-05-14 20:30:57,955 - PatientAppLogs -INFO - OTP entered
2021-05-14 20:31:01,363 - PatientAppLogs -INFO - Clicked on Verify number
2021-05-14 20:31:11,059 - PatientAppLogs -INFO - Alert Accepted
2021-05-14 20:31:11,060 - PatientAppLogs -INFO - Time taken in App Launch and login in Emulator: 2 Minutes
2021-05-14 20:31:31,062 - PatientAppLogs -INFO - Login Successfull
2021-05-14 20:33:23,704 - PatientAppLogs -INFO - Taking Screenshot
2021-05-14 20:33:26,170 - PatientAppLogs -INFO - Screenshot captured
