2021-05-12 18:26:10,356 [main] INFO PatientAppLogs - Launching App, Apk version: C:\Users\admin\git\repository\PatientAppAutomation\Apk\Patient_11_may.apk
2021-05-12 18:26:10,367 [main] INFO PatientAppLogs - Using Test Data Excel Sheet: PatientAppData.xlsx
2021-05-12 18:26:15,399 [main] INFO PatientAppLogs - Launching Application
2021-05-12 18:26:56,824 [main] INFO PatientAppLogs - Clicked on Skip button to proceed for login
2021-05-12 18:27:04,432 [main] INFO PatientAppLogs - Alert Accepted
2021-05-12 18:27:07,502 [main] INFO PatientAppLogs - Phone number entered
2021-05-12 18:27:13,435 [main] INFO PatientAppLogs - Clicked on Request OTP
2021-05-12 18:27:58,442 [main] INFO PatientAppLogs - OTP entered
2021-05-12 18:28:03,110 [main] INFO PatientAppLogs - Clicked on Verify number
2021-05-12 18:28:11,295 [main] INFO PatientAppLogs - Alert Accepted
2021-05-12 18:28:11,296 [main] INFO PatientAppLogs - Time taken in App Launch and login in Emulator: 2 Minutes
2021-05-12 18:28:26,299 [main] INFO PatientAppLogs - Login Successfull
2021-05-12 18:28:43,772 [main] INFO PatientAppLogs - Taking Screenshot
2021-05-12 18:28:45,693 [main] INFO PatientAppLogs - Screenshot captured
2021-05-12 18:29:16,752 [main] INFO PatientAppLogs - Launching App, Apk version: C:\Users\admin\git\repository\PatientAppAutomation\Apk\Patient_11_may.apk
2021-05-12 18:29:16,753 [main] INFO PatientAppLogs - Using Test Data Excel Sheet: PatientAppData.xlsx
2021-05-12 18:29:21,785 [main] INFO PatientAppLogs - Launching Application
2021-05-12 18:30:05,797 [main] INFO PatientAppLogs - Clicked on Skip button to proceed for login
2021-05-12 18:30:14,911 [main] INFO PatientAppLogs - Alert Accepted
2021-05-12 18:30:17,906 [main] INFO PatientAppLogs - Phone number entered
2021-05-12 18:30:25,522 [main] INFO PatientAppLogs - Clicked on Request OTP
2021-05-12 18:31:10,525 [main] INFO PatientAppLogs - OTP entered
2021-05-12 18:31:15,006 [main] INFO PatientAppLogs - Clicked on Verify number
2021-05-12 18:31:23,408 [main] INFO PatientAppLogs - Alert Accepted
2021-05-12 18:31:23,408 [main] INFO PatientAppLogs - Time taken in App Launch and login in Emulator: 2 Minutes
2021-05-12 18:31:38,409 [main] INFO PatientAppLogs - Login Successfull
2021-05-12 18:32:15,956 [main] INFO PatientAppLogs - Taking Screenshot
2021-05-12 18:32:17,625 [main] INFO PatientAppLogs - Screenshot captured
2021-05-12 18:32:46,140 [main] INFO PatientAppLogs - Launching App, Apk version: C:\Users\admin\git\repository\PatientAppAutomation\Apk\Patient_11_may.apk
2021-05-12 18:32:46,140 [main] INFO PatientAppLogs - Using Test Data Excel Sheet: PatientAppData.xlsx
2021-05-12 18:32:51,187 [main] INFO PatientAppLogs - Launching Application
2021-05-12 18:33:37,621 [main] INFO PatientAppLogs - Clicked on Skip button to proceed for login
2021-05-12 18:33:45,378 [main] INFO PatientAppLogs - Alert Accepted
2021-05-12 18:33:50,355 [main] INFO PatientAppLogs - Phone number entered
2021-05-12 18:33:54,141 [main] INFO PatientAppLogs - Clicked on Request OTP
2021-05-12 18:34:39,144 [main] INFO PatientAppLogs - OTP entered
2021-05-12 18:34:43,096 [main] INFO PatientAppLogs - Clicked on Verify number
2021-05-12 18:34:51,318 [main] INFO PatientAppLogs - Alert Accepted
2021-05-12 18:34:51,318 [main] INFO PatientAppLogs - Time taken in App Launch and login in Emulator: 2 Minutes
2021-05-12 18:35:06,320 [main] INFO PatientAppLogs - Login Successfull
2021-05-12 18:35:41,404 [main] INFO PatientAppLogs - Taking Screenshot
2021-05-12 18:35:43,035 [main] INFO PatientAppLogs - Screenshot captured
2021-05-12 18:39:38,580 [main] INFO PatientAppLogs - Launching App, Apk version: C:\Users\admin\git\repository\PatientAppAutomation\Apk\Patient_11_may.apk
2021-05-12 18:39:38,587 [main] INFO PatientAppLogs - Using Test Data Excel Sheet: PatientAppData.xlsx
2021-05-12 18:39:43,617 [main] INFO PatientAppLogs - Launching Application
2021-05-12 18:40:27,312 [main] INFO PatientAppLogs - Clicked on Skip button to proceed for login
2021-05-12 18:40:35,178 [main] INFO PatientAppLogs - Alert Accepted
2021-05-12 18:40:40,080 [main] INFO PatientAppLogs - Phone number entered
2021-05-12 18:40:43,979 [main] INFO PatientAppLogs - Clicked on Request OTP
2021-05-12 18:41:28,982 [main] INFO PatientAppLogs - OTP entered
2021-05-12 18:41:33,101 [main] INFO PatientAppLogs - Clicked on Verify number
2021-05-12 18:41:42,039 [main] INFO PatientAppLogs - Alert Accepted
2021-05-12 18:41:42,041 [main] INFO PatientAppLogs - Time taken in App Launch and login in Emulator: 2 Minutes
2021-05-12 18:41:57,043 [main] INFO PatientAppLogs - Login Successfull
2021-05-12 18:46:12,724 [main] INFO PatientAppLogs - Launching App, Apk version: C:\Users\admin\git\repository\PatientAppAutomation\Apk\Patient_11_may.apk
2021-05-12 18:46:12,729 [main] INFO PatientAppLogs - Using Test Data Excel Sheet: PatientAppData.xlsx
2021-05-12 18:46:17,757 [main] INFO PatientAppLogs - Launching Application
2021-05-12 18:47:01,648 [main] INFO PatientAppLogs - Clicked on Skip button to proceed for login
2021-05-12 18:47:10,250 [main] INFO PatientAppLogs - Alert Accepted
2021-05-12 18:47:14,236 [main] INFO PatientAppLogs - Phone number entered
2021-05-12 18:47:17,270 [main] INFO PatientAppLogs - Clicked on Request OTP
2021-05-12 18:48:02,272 [main] INFO PatientAppLogs - OTP entered
2021-05-12 18:48:06,563 [main] INFO PatientAppLogs - Clicked on Verify number
2021-05-12 18:48:15,306 [main] INFO PatientAppLogs - Alert Accepted
2021-05-12 18:48:15,306 [main] INFO PatientAppLogs - Time taken in App Launch and login in Emulator: 2 Minutes
2021-05-12 18:48:30,308 [main] INFO PatientAppLogs - Login Successfull
2021-05-12 18:49:36,071 [main] INFO PatientAppLogs - Taking Screenshot
2021-05-12 18:49:38,372 [main] INFO PatientAppLogs - Screenshot captured
2021-05-12 18:50:05,775 [main] INFO PatientAppLogs - Launching App, Apk version: C:\Users\admin\git\repository\PatientAppAutomation\Apk\Patient_11_may.apk
2021-05-12 18:50:05,775 [main] INFO PatientAppLogs - Using Test Data Excel Sheet: PatientAppData.xlsx
2021-05-12 18:50:10,829 [main] INFO PatientAppLogs - Launching Application
2021-05-12 18:50:55,904 [main] INFO PatientAppLogs - Clicked on Skip button to proceed for login
2021-05-12 18:51:03,910 [main] INFO PatientAppLogs - Alert Accepted
2021-05-12 18:51:09,312 [main] INFO PatientAppLogs - Phone number entered
2021-05-12 18:51:13,277 [main] INFO PatientAppLogs - Clicked on Request OTP
2021-05-12 18:51:58,279 [main] INFO PatientAppLogs - OTP entered
2021-05-12 18:52:03,183 [main] INFO PatientAppLogs - Clicked on Verify number
2021-05-12 18:52:11,529 [main] INFO PatientAppLogs - Alert Accepted
2021-05-12 18:52:11,530 [main] INFO PatientAppLogs - Time taken in App Launch and login in Emulator: 2 Minutes
2021-05-12 18:52:26,532 [main] INFO PatientAppLogs - Login Successfull
2021-05-12 18:54:15,157 [main] INFO PatientAppLogs - Taking Screenshot
2021-05-12 18:54:19,267 [main] INFO PatientAppLogs - Screenshot captured
2021-05-12 19:10:35,103 [main] INFO PatientAppLogs - Launching App, Apk version: C:\Users\admin\git\repository\PatientAppAutomation\Apk\Patient_11_may.apk
2021-05-12 19:10:35,114 [main] INFO PatientAppLogs - Using Test Data Excel Sheet: PatientAppData.xlsx
2021-05-12 19:10:40,140 [main] INFO PatientAppLogs - Launching Application
2021-05-12 19:11:23,461 [main] INFO PatientAppLogs - Clicked on Skip button to proceed for login
2021-05-12 19:11:31,368 [main] INFO PatientAppLogs - Alert Accepted
2021-05-12 19:11:36,538 [main] INFO PatientAppLogs - Phone number entered
2021-05-12 19:11:39,341 [main] INFO PatientAppLogs - Clicked on Request OTP
2021-05-12 19:12:24,343 [main] INFO PatientAppLogs - OTP entered
2021-05-12 19:12:28,243 [main] INFO PatientAppLogs - Clicked on Verify number
2021-05-12 19:12:37,586 [main] INFO PatientAppLogs - Alert Accepted
2021-05-12 19:12:37,589 [main] INFO PatientAppLogs - Time taken in App Launch and login in Emulator: 2 Minutes
2021-05-12 19:12:52,591 [main] INFO PatientAppLogs - Login Successfull
2021-05-12 19:13:54,054 [main] INFO PatientAppLogs - Taking Screenshot
2021-05-12 19:13:56,921 [main] INFO PatientAppLogs - Screenshot captured
2021-05-12 19:14:29,377 [main] INFO PatientAppLogs - Launching App, Apk version: C:\Users\admin\git\repository\PatientAppAutomation\Apk\Patient_11_may.apk
2021-05-12 19:14:29,377 [main] INFO PatientAppLogs - Using Test Data Excel Sheet: PatientAppData.xlsx
2021-05-12 19:14:34,392 [main] INFO PatientAppLogs - Launching Application
2021-05-12 19:15:17,766 [main] INFO PatientAppLogs - Clicked on Skip button to proceed for login
2021-05-12 19:15:26,138 [main] INFO PatientAppLogs - Alert Accepted
2021-05-12 19:15:31,222 [main] INFO PatientAppLogs - Phone number entered
2021-05-12 19:15:35,207 [main] INFO PatientAppLogs - Clicked on Request OTP
2021-05-12 19:16:20,231 [main] INFO PatientAppLogs - OTP entered
2021-05-12 19:16:24,353 [main] INFO PatientAppLogs - Clicked on Verify number
2021-05-12 19:16:32,938 [main] INFO PatientAppLogs - Alert Accepted
2021-05-12 19:16:32,940 [main] INFO PatientAppLogs - Time taken in App Launch and login in Emulator: 2 Minutes
2021-05-12 19:16:47,943 [main] INFO PatientAppLogs - Login Successfull
2021-05-12 19:29:33,573 [main] INFO PatientAppLogs - Launching App, Apk version: C:\Users\admin\git\repository\PatientAppAutomation\Apk\Patient_11_may.apk
2021-05-12 19:29:33,584 [main] INFO PatientAppLogs - Using Test Data Excel Sheet: PatientAppData.xlsx
2021-05-12 19:29:38,621 [main] INFO PatientAppLogs - Launching Application
2021-05-12 19:30:22,884 [main] INFO PatientAppLogs - Clicked on Skip button to proceed for login
2021-05-12 19:30:30,676 [main] INFO PatientAppLogs - Alert Accepted
2021-05-12 19:30:33,181 [main] INFO PatientAppLogs - Phone number entered
2021-05-12 19:30:39,298 [main] INFO PatientAppLogs - Clicked on Request OTP
2021-05-12 19:31:24,302 [main] INFO PatientAppLogs - OTP entered
2021-05-12 19:31:28,165 [main] INFO PatientAppLogs - Clicked on Verify number
2021-05-12 19:31:37,219 [main] INFO PatientAppLogs - Alert Accepted
2021-05-12 19:31:37,220 [main] INFO PatientAppLogs - Time taken in App Launch and login in Emulator: 2 Minutes
2021-05-12 19:31:52,221 [main] INFO PatientAppLogs - Login Successfull
2021-05-12 19:33:03,530 [main] INFO PatientAppLogs - Taking Screenshot
2021-05-12 19:33:05,037 [main] INFO PatientAppLogs - Screenshot captured
2021-05-12 19:33:38,967 [main] INFO PatientAppLogs - Launching App, Apk version: C:\Users\admin\git\repository\PatientAppAutomation\Apk\Patient_11_may.apk
2021-05-12 19:33:38,968 [main] INFO PatientAppLogs - Using Test Data Excel Sheet: PatientAppData.xlsx
2021-05-12 19:33:43,982 [main] INFO PatientAppLogs - Launching Application
2021-05-12 19:34:28,753 [main] INFO PatientAppLogs - Clicked on Skip button to proceed for login
2021-05-12 19:34:36,058 [main] INFO PatientAppLogs - Alert Accepted
2021-05-12 19:34:41,304 [main] INFO PatientAppLogs - Phone number entered
2021-05-12 19:34:45,852 [main] INFO PatientAppLogs - Clicked on Request OTP
2021-05-12 19:35:30,854 [main] INFO PatientAppLogs - OTP entered
2021-05-12 19:35:35,350 [main] INFO PatientAppLogs - Clicked on Verify number
2021-05-12 19:35:43,454 [main] INFO PatientAppLogs - Alert Accepted
2021-05-12 19:35:43,455 [main] INFO PatientAppLogs - Time taken in App Launch and login in Emulator: 2 Minutes
2021-05-12 19:35:58,457 [main] INFO PatientAppLogs - Login Successfull
2021-05-12 19:36:04,607 [main] INFO PatientAppLogs - Taking Screenshot
2021-05-12 19:36:06,216 [main] INFO PatientAppLogs - Screenshot captured
2021-05-12 19:36:49,259 [main] INFO PatientAppLogs - Launching App, Apk version: C:\Users\admin\git\repository\PatientAppAutomation\Apk\Patient_11_may.apk
2021-05-12 19:36:49,259 [main] INFO PatientAppLogs - Using Test Data Excel Sheet: PatientAppData.xlsx
2021-05-12 19:36:54,269 [main] INFO PatientAppLogs - Launching Application
2021-05-12 19:37:38,975 [main] INFO PatientAppLogs - Clicked on Skip button to proceed for login
2021-05-12 19:37:46,898 [main] INFO PatientAppLogs - Alert Accepted
2021-05-12 19:37:51,597 [main] INFO PatientAppLogs - Phone number entered
2021-05-12 19:37:55,808 [main] INFO PatientAppLogs - Clicked on Request OTP
2021-05-12 19:38:40,811 [main] INFO PatientAppLogs - OTP entered
2021-05-12 19:38:45,217 [main] INFO PatientAppLogs - Clicked on Verify number
2021-05-12 19:38:53,590 [main] INFO PatientAppLogs - Alert Accepted
2021-05-12 19:38:53,591 [main] INFO PatientAppLogs - Time taken in App Launch and login in Emulator: 2 Minutes
2021-05-12 19:39:08,592 [main] INFO PatientAppLogs - Login Successfull
2021-05-12 19:39:58,555 [main] INFO PatientAppLogs - Taking Screenshot
2021-05-12 19:40:00,397 [main] INFO PatientAppLogs - Screenshot captured
2021-05-12 19:40:33,086 [main] INFO PatientAppLogs - Launching App, Apk version: C:\Users\admin\git\repository\PatientAppAutomation\Apk\Patient_11_may.apk
2021-05-12 19:40:33,089 [main] INFO PatientAppLogs - Using Test Data Excel Sheet: PatientAppData.xlsx
2021-05-12 19:40:38,101 [main] INFO PatientAppLogs - Launching Application
2021-05-12 19:41:20,823 [main] INFO PatientAppLogs - Clicked on Skip button to proceed for login
2021-05-12 19:41:28,864 [main] INFO PatientAppLogs - Alert Accepted
2021-05-12 19:41:33,524 [main] INFO PatientAppLogs - Phone number entered
2021-05-12 19:41:36,280 [main] INFO PatientAppLogs - Clicked on Request OTP
2021-05-12 19:42:21,282 [main] INFO PatientAppLogs - OTP entered
2021-05-12 19:42:25,951 [main] INFO PatientAppLogs - Clicked on Verify number
2021-05-12 19:42:34,822 [main] INFO PatientAppLogs - Alert Accepted
2021-05-12 19:42:34,822 [main] INFO PatientAppLogs - Time taken in App Launch and login in Emulator: 2 Minutes
2021-05-12 19:42:49,824 [main] INFO PatientAppLogs - Login Successfull
2021-05-12 19:44:03,956 [main] INFO PatientAppLogs - Taking Screenshot
2021-05-12 19:44:05,599 [main] INFO PatientAppLogs - Screenshot captured
2021-05-12 19:48:44,172 [main] INFO PatientAppLogs - Launching App, Apk version: C:\Users\admin\git\repository\PatientAppAutomation\Apk\Patient_11_may.apk
2021-05-12 19:48:44,182 [main] INFO PatientAppLogs - Using Test Data Excel Sheet: PatientAppData.xlsx
2021-05-12 19:48:49,210 [main] INFO PatientAppLogs - Launching Application
2021-05-12 19:49:32,798 [main] INFO PatientAppLogs - Clicked on Skip button to proceed for login
2021-05-12 19:49:40,480 [main] INFO PatientAppLogs - Alert Accepted
2021-05-12 19:49:44,880 [main] INFO PatientAppLogs - Phone number entered
2021-05-12 19:49:48,923 [main] INFO PatientAppLogs - Clicked on Request OTP
2021-05-12 19:50:33,925 [main] INFO PatientAppLogs - OTP entered
2021-05-12 19:50:37,919 [main] INFO PatientAppLogs - Clicked on Verify number
2021-05-12 19:50:46,915 [main] INFO PatientAppLogs - Alert Accepted
2021-05-12 19:50:46,921 [main] INFO PatientAppLogs - Time taken in App Launch and login in Emulator: 2 Minutes
2021-05-12 19:51:01,936 [main] INFO PatientAppLogs - Login Successfull
2021-05-12 19:55:56,785 [main] INFO PatientAppLogs - Launching App, Apk version: C:\Users\admin\git\repository\PatientAppAutomation\Apk\Patient_11_may.apk
2021-05-12 19:55:56,791 [main] INFO PatientAppLogs - Using Test Data Excel Sheet: PatientAppData.xlsx
2021-05-12 19:56:01,810 [main] INFO PatientAppLogs - Launching Application
2021-05-12 19:56:46,017 [main] INFO PatientAppLogs - Clicked on Skip button to proceed for login
2021-05-12 19:56:53,303 [main] INFO PatientAppLogs - Alert Accepted
2021-05-12 19:56:58,427 [main] INFO PatientAppLogs - Phone number entered
2021-05-12 19:57:02,645 [main] INFO PatientAppLogs - Clicked on Request OTP
2021-05-12 19:57:47,655 [main] INFO PatientAppLogs - OTP entered
2021-05-12 19:57:53,034 [main] INFO PatientAppLogs - Clicked on Verify number
2021-05-12 19:58:02,321 [main] INFO PatientAppLogs - Alert Accepted
2021-05-12 19:58:02,322 [main] INFO PatientAppLogs - Time taken in App Launch and login in Emulator: 2 Minutes
2021-05-12 19:58:17,324 [main] INFO PatientAppLogs - Login Successfull
2021-05-12 20:00:50,175 [main] INFO PatientAppLogs - Taking Screenshot
2021-05-12 20:00:52,425 [main] INFO PatientAppLogs - Screenshot captured
2021-05-13 09:06:00,350 [main] INFO PatientAppLogs - Launching App, Apk version: C:\Users\admin\git\repository\PatientAppAutomation\Apk\Patient_11_may.apk
2021-05-13 09:06:00,407 [main] INFO PatientAppLogs - Using Test Data Excel Sheet: PatientAppData.xlsx
2021-05-13 09:06:05,437 [main] INFO PatientAppLogs - Launching Application
2021-05-13 09:06:42,425 [main] INFO PatientAppLogs - Clicked on Skip button to proceed for login
2021-05-13 09:06:49,590 [main] INFO PatientAppLogs - Alert Accepted
2021-05-13 09:06:53,609 [main] INFO PatientAppLogs - Phone number entered
2021-05-13 09:06:56,261 [main] INFO PatientAppLogs - Clicked on Request OTP
2021-05-13 09:07:41,267 [main] INFO PatientAppLogs - OTP entered
2021-05-13 09:07:44,755 [main] INFO PatientAppLogs - Clicked on Verify number
2021-05-13 09:07:54,433 [main] INFO PatientAppLogs - Alert Accepted
2021-05-13 09:07:54,454 [main] INFO PatientAppLogs - Time taken in App Launch and login in Emulator: 1 Minutes
2021-05-13 09:08:09,465 [main] INFO PatientAppLogs - Login Successfull
2021-05-13 09:08:45,373 [main] INFO PatientAppLogs - Taking Screenshot
2021-05-13 09:08:48,577 [main] INFO PatientAppLogs - Screenshot captured
2021-05-13 09:09:24,781 [main] INFO PatientAppLogs - Launching App, Apk version: C:\Users\admin\git\repository\PatientAppAutomation\Apk\Patient_11_may.apk
2021-05-13 09:09:24,782 [main] INFO PatientAppLogs - Using Test Data Excel Sheet: PatientAppData.xlsx
2021-05-13 09:09:29,799 [main] INFO PatientAppLogs - Launching Application
2021-05-13 09:10:54,258 [main] INFO PatientAppLogs - Launching App, Apk version: C:\Users\admin\git\repository\PatientAppAutomation\Apk\Patient_11_may.apk
2021-05-13 09:10:54,267 [main] INFO PatientAppLogs - Using Test Data Excel Sheet: PatientAppData.xlsx
2021-05-13 09:10:59,293 [main] INFO PatientAppLogs - Launching Application
2021-05-13 09:11:43,396 [main] INFO PatientAppLogs - Clicked on Skip button to proceed for login
2021-05-13 09:11:51,430 [main] INFO PatientAppLogs - Alert Accepted
2021-05-13 09:11:56,042 [main] INFO PatientAppLogs - Phone number entered
2021-05-13 09:12:00,051 [main] INFO PatientAppLogs - Clicked on Request OTP
2021-05-13 09:12:45,055 [main] INFO PatientAppLogs - OTP entered
2021-05-13 09:12:48,739 [main] INFO PatientAppLogs - Clicked on Verify number
2021-05-13 09:12:58,070 [main] INFO PatientAppLogs - Alert Accepted
2021-05-13 09:12:58,070 [main] INFO PatientAppLogs - Time taken in App Launch and login in Emulator: 2 Minutes
2021-05-13 09:13:13,074 [main] INFO PatientAppLogs - Login Successfull
2021-05-13 09:13:17,693 [main] INFO PatientAppLogs - Taking Screenshot
2021-05-13 09:13:19,368 [main] INFO PatientAppLogs - Screenshot captured
2021-05-13 09:15:29,861 [main] INFO PatientAppLogs - Launching App, Apk version: C:\Users\admin\git\repository\PatientAppAutomation\Apk\Patient_11_may.apk
2021-05-13 09:15:29,868 [main] INFO PatientAppLogs - Using Test Data Excel Sheet: PatientAppData.xlsx
2021-05-13 09:15:34,889 [main] INFO PatientAppLogs - Launching Application
2021-05-13 09:16:19,786 [main] INFO PatientAppLogs - Clicked on Skip button to proceed for login
2021-05-13 09:16:26,770 [main] INFO PatientAppLogs - Alert Accepted
2021-05-13 09:16:31,769 [main] INFO PatientAppLogs - Phone number entered
2021-05-13 09:16:34,702 [main] INFO PatientAppLogs - Clicked on Request OTP
2021-05-13 09:17:19,703 [main] INFO PatientAppLogs - OTP entered
2021-05-13 09:17:23,973 [main] INFO PatientAppLogs - Clicked on Verify number
2021-05-13 09:17:31,934 [main] INFO PatientAppLogs - Alert Accepted
2021-05-13 09:17:31,967 [main] INFO PatientAppLogs - Time taken in App Launch and login in Emulator: 2 Minutes
2021-05-13 09:17:51,970 [main] INFO PatientAppLogs - Login Successfull
2021-05-13 09:18:42,157 [main] INFO PatientAppLogs - Taking Screenshot
2021-05-13 09:18:43,688 [main] INFO PatientAppLogs - Screenshot captured
2021-05-13 09:21:31,741 [main] INFO PatientAppLogs - Launching App, Apk version: C:\Users\admin\git\repository\PatientAppAutomation\Apk\Patient_11_may.apk
2021-05-13 09:21:31,750 [main] INFO PatientAppLogs - Using Test Data Excel Sheet: PatientAppData.xlsx
2021-05-13 09:21:36,775 [main] INFO PatientAppLogs - Launching Application
2021-05-13 09:22:20,528 [main] INFO PatientAppLogs - Clicked on Skip button to proceed for login
2021-05-13 09:22:28,328 [main] INFO PatientAppLogs - Alert Accepted
2021-05-13 09:22:31,644 [main] INFO PatientAppLogs - Phone number entered
2021-05-13 09:22:36,404 [main] INFO PatientAppLogs - Clicked on Request OTP
2021-05-13 09:23:21,406 [main] INFO PatientAppLogs - OTP entered
2021-05-13 09:23:24,437 [main] INFO PatientAppLogs - Clicked on Verify number
2021-05-13 09:23:33,716 [main] INFO PatientAppLogs - Alert Accepted
2021-05-13 09:23:33,717 [main] INFO PatientAppLogs - Time taken in App Launch and login in Emulator: 2 Minutes
2021-05-13 09:23:53,720 [main] INFO PatientAppLogs - Login Successfull
2021-05-13 09:24:55,358 [main] INFO PatientAppLogs - Taking Screenshot
2021-05-13 09:24:56,924 [main] INFO PatientAppLogs - Screenshot captured
2021-05-13 09:53:09,855 [main] INFO PatientAppLogs - Launching App, Apk version: C:\Users\admin\git\repository\PatientAppAutomation\Apk\Patient_11_may.apk
2021-05-13 09:53:09,897 [main] INFO PatientAppLogs - Using Test Data Excel Sheet: PatientAppData.xlsx
2021-05-13 09:53:14,919 [main] INFO PatientAppLogs - Launching Application
2021-05-13 09:53:59,345 [main] INFO PatientAppLogs - Clicked on Skip button to proceed for login
2021-05-13 09:54:07,185 [main] INFO PatientAppLogs - Alert Accepted
2021-05-13 09:54:10,094 [main] INFO PatientAppLogs - Phone number entered
2021-05-13 09:54:14,495 [main] INFO PatientAppLogs - Clicked on Request OTP
2021-05-13 09:54:59,497 [main] INFO PatientAppLogs - OTP entered
2021-05-13 09:55:03,604 [main] INFO PatientAppLogs - Clicked on Verify number
2021-05-13 09:55:12,592 [main] INFO PatientAppLogs - Alert Accepted
2021-05-13 09:55:12,605 [main] INFO PatientAppLogs - Time taken in App Launch and login in Emulator: 2 Minutes
2021-05-13 09:55:32,660 [main] INFO PatientAppLogs - Login Successfull
2021-05-13 10:07:43,942 [main] INFO PatientAppLogs - Launching App, Apk version: C:\Users\admin\git\repository\PatientAppAutomation\Apk\Patient_11_may.apk
2021-05-13 10:07:43,949 [main] INFO PatientAppLogs - Using Test Data Excel Sheet: PatientAppData.xlsx
2021-05-13 10:07:48,985 [main] INFO PatientAppLogs - Launching Application
2021-05-13 10:08:33,670 [main] INFO PatientAppLogs - Clicked on Skip button to proceed for login
2021-05-13 10:08:43,391 [main] INFO PatientAppLogs - Alert Accepted
2021-05-13 10:08:47,227 [main] INFO PatientAppLogs - Phone number entered
2021-05-13 10:08:53,799 [main] INFO PatientAppLogs - Clicked on Request OTP
2021-05-13 10:09:38,801 [main] INFO PatientAppLogs - OTP entered
2021-05-13 10:09:43,414 [main] INFO PatientAppLogs - Clicked on Verify number
2021-05-13 10:09:53,518 [main] INFO PatientAppLogs - Alert Accepted
2021-05-13 10:09:53,519 [main] INFO PatientAppLogs - Time taken in App Launch and login in Emulator: 2 Minutes
2021-05-13 10:10:13,522 [main] INFO PatientAppLogs - Login Successfull
2021-05-13 10:14:23,801 [main] INFO PatientAppLogs - Taking Screenshot
2021-05-13 10:14:26,181 [main] INFO PatientAppLogs - Screenshot captured
2021-05-13 10:22:22,379 [main] INFO PatientAppLogs - Launching App, Apk version: C:\Users\admin\git\repository\PatientAppAutomation\Apk\Patient_11_may.apk
2021-05-13 10:22:22,387 [main] INFO PatientAppLogs - Using Test Data Excel Sheet: PatientAppData.xlsx
2021-05-13 10:22:27,425 [main] INFO PatientAppLogs - Launching Application
2021-05-13 10:23:10,420 [main] INFO PatientAppLogs - Clicked on Skip button to proceed for login
2021-05-13 10:23:18,885 [main] INFO PatientAppLogs - Alert Accepted
2021-05-13 10:23:24,017 [main] INFO PatientAppLogs - Phone number entered
2021-05-13 10:23:26,910 [main] INFO PatientAppLogs - Clicked on Request OTP
2021-05-13 10:24:11,912 [main] INFO PatientAppLogs - OTP entered
2021-05-13 10:24:16,366 [main] INFO PatientAppLogs - Clicked on Verify number
2021-05-13 10:24:25,005 [main] INFO PatientAppLogs - Alert Accepted
2021-05-13 10:24:25,007 [main] INFO PatientAppLogs - Time taken in App Launch and login in Emulator: 2 Minutes
2021-05-13 10:24:45,020 [main] INFO PatientAppLogs - Login Successfull
2021-05-13 10:27:13,819 [main] INFO PatientAppLogs - Launching App, Apk version: C:\Users\admin\git\repository\PatientAppAutomation\Apk\Patient_11_may.apk
2021-05-13 10:27:13,828 [main] INFO PatientAppLogs - Using Test Data Excel Sheet: PatientAppData.xlsx
2021-05-13 10:27:18,850 [main] INFO PatientAppLogs - Launching Application
2021-05-13 10:28:03,100 [main] INFO PatientAppLogs - Clicked on Skip button to proceed for login
2021-05-13 10:28:10,454 [main] INFO PatientAppLogs - Alert Accepted
2021-05-13 10:28:15,860 [main] INFO PatientAppLogs - Phone number entered
2021-05-13 10:28:18,778 [main] INFO PatientAppLogs - Clicked on Request OTP
2021-05-13 10:29:03,780 [main] INFO PatientAppLogs - OTP entered
2021-05-13 10:29:08,052 [main] INFO PatientAppLogs - Clicked on Verify number
2021-05-13 10:29:15,737 [main] INFO PatientAppLogs - Alert Accepted
2021-05-13 10:29:15,738 [main] INFO PatientAppLogs - Time taken in App Launch and login in Emulator: 2 Minutes
2021-05-13 10:29:35,741 [main] INFO PatientAppLogs - Login Successfull
2021-05-13 10:35:07,359 [main] INFO PatientAppLogs - Launching App, Apk version: C:\Users\admin\git\repository\PatientAppAutomation\Apk\Patient_11_may.apk
2021-05-13 10:35:07,370 [main] INFO PatientAppLogs - Using Test Data Excel Sheet: PatientAppData.xlsx
2021-05-13 10:35:12,396 [main] INFO PatientAppLogs - Launching Application
2021-05-13 10:35:55,144 [main] INFO PatientAppLogs - Clicked on Skip button to proceed for login
2021-05-13 10:36:03,655 [main] INFO PatientAppLogs - Alert Accepted
2021-05-13 10:36:08,445 [main] INFO PatientAppLogs - Phone number entered
2021-05-13 10:36:11,434 [main] INFO PatientAppLogs - Clicked on Request OTP
2021-05-13 10:36:56,436 [main] INFO PatientAppLogs - OTP entered
2021-05-13 10:37:00,742 [main] INFO PatientAppLogs - Clicked on Verify number
2021-05-13 10:37:08,943 [main] INFO PatientAppLogs - Alert Accepted
2021-05-13 10:37:08,944 [main] INFO PatientAppLogs - Time taken in App Launch and login in Emulator: 2 Minutes
2021-05-13 10:37:28,947 [main] INFO PatientAppLogs - Login Successfull
2021-05-13 10:48:35,122 [main] INFO PatientAppLogs - Launching App, Apk version: C:\Users\admin\git\repository\PatientAppAutomation\Apk\Patient_11_may.apk
2021-05-13 10:48:35,135 [main] INFO PatientAppLogs - Using Test Data Excel Sheet: PatientAppData.xlsx
2021-05-13 10:48:40,209 [main] INFO PatientAppLogs - Launching Application
2021-05-13 10:49:23,938 [main] INFO PatientAppLogs - Clicked on Skip button to proceed for login
2021-05-13 10:49:33,900 [main] INFO PatientAppLogs - Alert Accepted
2021-05-13 10:49:38,103 [main] INFO PatientAppLogs - Phone number entered
2021-05-13 10:49:44,811 [main] INFO PatientAppLogs - Clicked on Request OTP
2021-05-13 10:50:29,816 [main] INFO PatientAppLogs - OTP entered
2021-05-13 10:50:33,743 [main] INFO PatientAppLogs - Clicked on Verify number
2021-05-13 10:50:42,781 [main] INFO PatientAppLogs - Alert Accepted
2021-05-13 10:50:42,782 [main] INFO PatientAppLogs - Time taken in App Launch and login in Emulator: 2 Minutes
2021-05-13 10:51:02,785 [main] INFO PatientAppLogs - Login Successfull
2021-05-13 10:53:27,872 [main] INFO PatientAppLogs - Launching App, Apk version: C:\Users\admin\git\repository\PatientAppAutomation\Apk\Patient_11_may.apk
2021-05-13 10:53:27,882 [main] INFO PatientAppLogs - Using Test Data Excel Sheet: PatientAppData.xlsx
2021-05-13 10:53:32,913 [main] INFO PatientAppLogs - Launching Application
2021-05-13 10:54:19,410 [main] INFO PatientAppLogs - Clicked on Skip button to proceed for login
2021-05-13 10:54:27,404 [main] INFO PatientAppLogs - Alert Accepted
2021-05-13 10:54:31,520 [main] INFO PatientAppLogs - Phone number entered
2021-05-13 10:54:34,836 [main] INFO PatientAppLogs - Clicked on Request OTP
2021-05-13 10:55:19,838 [main] INFO PatientAppLogs - OTP entered
2021-05-13 10:55:24,100 [main] INFO PatientAppLogs - Clicked on Verify number
2021-05-13 10:55:33,651 [main] INFO PatientAppLogs - Alert Accepted
2021-05-13 10:55:33,652 [main] INFO PatientAppLogs - Time taken in App Launch and login in Emulator: 2 Minutes
2021-05-13 10:55:53,654 [main] INFO PatientAppLogs - Login Successfull
2021-05-13 11:00:01,667 [main] INFO PatientAppLogs - Taking Screenshot
2021-05-13 11:00:03,480 [main] INFO PatientAppLogs - Screenshot captured
2021-05-13 11:04:48,176 [main] INFO PatientAppLogs - Launching App, Apk version: C:\Users\admin\git\repository\PatientAppAutomation\Apk\Patient_11_may.apk
2021-05-13 11:04:48,186 [main] INFO PatientAppLogs - Using Test Data Excel Sheet: PatientAppData.xlsx
2021-05-13 11:04:53,208 [main] INFO PatientAppLogs - Launching Application
2021-05-13 11:05:34,895 [main] INFO PatientAppLogs - Clicked on Skip button to proceed for login
2021-05-13 11:05:42,105 [main] INFO PatientAppLogs - Alert Accepted
2021-05-13 11:05:44,505 [main] INFO PatientAppLogs - Phone number entered
2021-05-13 11:05:52,228 [main] INFO PatientAppLogs - Clicked on Request OTP
2021-05-13 11:06:37,231 [main] INFO PatientAppLogs - OTP entered
2021-05-13 11:06:41,748 [main] INFO PatientAppLogs - Clicked on Verify number
2021-05-13 11:06:49,667 [main] INFO PatientAppLogs - Alert Accepted
2021-05-13 11:06:49,670 [main] INFO PatientAppLogs - Time taken in App Launch and login in Emulator: 2 Minutes
2021-05-13 11:07:09,674 [main] INFO PatientAppLogs - Login Successfull
2021-05-13 11:11:17,858 [main] INFO PatientAppLogs - Taking Screenshot
2021-05-13 11:11:19,243 [main] INFO PatientAppLogs - Screenshot captured
2021-05-13 11:13:32,303 [main] INFO PatientAppLogs - Launching App, Apk version: C:\Users\admin\git\repository\PatientAppAutomation\Apk\Patient_11_may.apk
2021-05-13 11:13:32,316 [main] INFO PatientAppLogs - Using Test Data Excel Sheet: PatientAppData.xlsx
2021-05-13 11:13:37,346 [main] INFO PatientAppLogs - Launching Application
2021-05-13 11:14:18,534 [main] INFO PatientAppLogs - Clicked on Skip button to proceed for login
2021-05-13 11:14:26,414 [main] INFO PatientAppLogs - Alert Accepted
2021-05-13 11:14:31,095 [main] INFO PatientAppLogs - Phone number entered
2021-05-13 11:14:34,509 [main] INFO PatientAppLogs - Clicked on Request OTP
2021-05-13 11:15:19,511 [main] INFO PatientAppLogs - OTP entered
2021-05-13 11:15:23,149 [main] INFO PatientAppLogs - Clicked on Verify number
2021-05-13 11:15:31,693 [main] INFO PatientAppLogs - Alert Accepted
2021-05-13 11:15:31,694 [main] INFO PatientAppLogs - Time taken in App Launch and login in Emulator: 1 Minutes
2021-05-13 11:15:51,696 [main] INFO PatientAppLogs - Login Successfull
2021-05-13 14:06:46,099 [main] INFO PatientAppLogs - Launching App, Apk version: C:\Users\admin\git\repository\PatientAppAutomation\Apk\Patient_11_may.apk
2021-05-13 14:06:46,113 [main] INFO PatientAppLogs - Using Test Data Excel Sheet: PatientAppData.xlsx
2021-05-13 14:06:51,141 [main] INFO PatientAppLogs - Launching Application
2021-05-13 14:07:35,054 [main] INFO PatientAppLogs - Clicked on Skip button to proceed for login
2021-05-13 14:07:43,790 [main] INFO PatientAppLogs - Alert Accepted
2021-05-13 14:07:48,166 [main] INFO PatientAppLogs - Phone number entered
2021-05-13 14:07:51,281 [main] INFO PatientAppLogs - Clicked on Request OTP
2021-05-13 14:08:36,325 [main] INFO PatientAppLogs - OTP entered
2021-05-13 14:08:39,485 [main] INFO PatientAppLogs - Clicked on Verify number
2021-05-13 14:08:49,521 [main] INFO PatientAppLogs - Alert Accepted
2021-05-13 14:08:49,522 [main] INFO PatientAppLogs - Time taken in App Launch and login in Emulator: 2 Minutes
2021-05-13 14:09:09,523 [main] INFO PatientAppLogs - Login Successfull
2021-05-13 14:13:06,573 [main] INFO PatientAppLogs - Launching App, Apk version: C:\Users\admin\git\repository\PatientAppAutomation\Apk\Patient_11_may.apk
2021-05-13 14:13:06,581 [main] INFO PatientAppLogs - Using Test Data Excel Sheet: PatientAppData.xlsx
2021-05-13 14:13:11,605 [main] INFO PatientAppLogs - Launching Application
2021-05-13 14:13:52,169 [main] INFO PatientAppLogs - Clicked on Skip button to proceed for login
2021-05-13 14:14:00,243 [main] INFO PatientAppLogs - Alert Accepted
2021-05-13 14:14:04,653 [main] INFO PatientAppLogs - Phone number entered
2021-05-13 14:14:08,979 [main] INFO PatientAppLogs - Clicked on Request OTP
2021-05-13 14:14:53,980 [main] INFO PatientAppLogs - OTP entered
2021-05-13 14:14:57,785 [main] INFO PatientAppLogs - Clicked on Verify number
2021-05-13 14:15:07,313 [main] INFO PatientAppLogs - Alert Accepted
2021-05-13 14:15:07,317 [main] INFO PatientAppLogs - Time taken in App Launch and login in Emulator: 2 Minutes
2021-05-13 14:15:27,321 [main] INFO PatientAppLogs - Login Successfull
2021-05-13 14:16:03,837 [main] INFO PatientAppLogs - Taking Screenshot
2021-05-13 14:16:05,949 [main] INFO PatientAppLogs - Screenshot captured
2021-05-13 14:16:32,450 [main] INFO PatientAppLogs - Launching App, Apk version: C:\Users\admin\git\repository\PatientAppAutomation\Apk\Patient_11_may.apk
2021-05-13 14:16:32,451 [main] INFO PatientAppLogs - Using Test Data Excel Sheet: PatientAppData.xlsx
2021-05-13 14:16:37,483 [main] INFO PatientAppLogs - Launching Application
2021-05-13 14:28:47,798 [main] INFO PatientAppLogs - Launching App, Apk version: C:\Users\admin\git\repository\PatientAppAutomation\Apk\Patient_11_may.apk
2021-05-13 14:28:47,806 [main] INFO PatientAppLogs - Using Test Data Excel Sheet: PatientAppData.xlsx
2021-05-13 14:28:52,831 [main] INFO PatientAppLogs - Launching Application
2021-05-13 14:29:36,103 [main] INFO PatientAppLogs - Clicked on Skip button to proceed for login
2021-05-13 14:29:43,737 [main] INFO PatientAppLogs - Alert Accepted
2021-05-13 14:29:48,511 [main] INFO PatientAppLogs - Phone number entered
2021-05-13 14:29:52,924 [main] INFO PatientAppLogs - Clicked on Request OTP
2021-05-13 14:30:37,926 [main] INFO PatientAppLogs - OTP entered
2021-05-13 14:30:41,994 [main] INFO PatientAppLogs - Clicked on Verify number
2021-05-13 14:30:50,655 [main] INFO PatientAppLogs - Alert Accepted
2021-05-13 14:30:50,657 [main] INFO PatientAppLogs - Time taken in App Launch and login in Emulator: 2 Minutes
2021-05-13 14:31:10,658 [main] INFO PatientAppLogs - Login Successfull
2021-05-13 14:31:33,245 [main] INFO PatientAppLogs - Taking Screenshot
2021-05-13 14:31:34,789 [main] INFO PatientAppLogs - Screenshot captured
2021-05-13 14:36:53,708 [main] INFO PatientAppLogs - Launching App, Apk version: C:\Users\admin\git\repository\PatientAppAutomation\Apk\Patient_11_may.apk
2021-05-13 14:36:53,717 [main] INFO PatientAppLogs - Using Test Data Excel Sheet: PatientAppData.xlsx
2021-05-13 14:36:58,742 [main] INFO PatientAppLogs - Launching Application
2021-05-13 14:37:42,392 [main] INFO PatientAppLogs - Clicked on Skip button to proceed for login
2021-05-13 14:37:49,823 [main] INFO PatientAppLogs - Alert Accepted
2021-05-13 14:37:52,591 [main] INFO PatientAppLogs - Phone number entered
2021-05-13 14:37:58,699 [main] INFO PatientAppLogs - Clicked on Request OTP
2021-05-13 14:38:43,701 [main] INFO PatientAppLogs - OTP entered
2021-05-13 14:38:46,932 [main] INFO PatientAppLogs - Clicked on Verify number
2021-05-13 14:38:57,137 [main] INFO PatientAppLogs - Alert Accepted
2021-05-13 14:38:57,140 [main] INFO PatientAppLogs - Time taken in App Launch and login in Emulator: 2 Minutes
2021-05-13 14:39:17,141 [main] INFO PatientAppLogs - Login Successfull
2021-05-13 14:39:43,803 [main] INFO PatientAppLogs - Taking Screenshot
2021-05-13 14:39:46,108 [main] INFO PatientAppLogs - Screenshot captured
2021-05-13 14:49:56,424 [main] INFO PatientAppLogs - Launching App, Apk version: C:\Users\admin\git\repository\PatientAppAutomation\Apk\Patient_11_may.apk
2021-05-13 14:49:56,432 [main] INFO PatientAppLogs - Using Test Data Excel Sheet: PatientAppData.xlsx
2021-05-13 14:50:01,453 [main] INFO PatientAppLogs - Launching Application
2021-05-13 14:50:44,125 [main] INFO PatientAppLogs - Clicked on Skip button to proceed for login
2021-05-13 14:50:52,810 [main] INFO PatientAppLogs - Alert Accepted
2021-05-13 14:50:57,603 [main] INFO PatientAppLogs - Phone number entered
2021-05-13 14:51:02,153 [main] INFO PatientAppLogs - Clicked on Request OTP
2021-05-13 14:51:47,155 [main] INFO PatientAppLogs - OTP entered
2021-05-13 14:51:51,670 [main] INFO PatientAppLogs - Clicked on Verify number
2021-05-13 14:52:00,673 [main] INFO PatientAppLogs - Alert Accepted
2021-05-13 14:52:00,676 [main] INFO PatientAppLogs - Time taken in App Launch and login in Emulator: 2 Minutes
2021-05-13 14:52:20,678 [main] INFO PatientAppLogs - Login Successfull
2021-05-13 14:56:47,083 [main] INFO PatientAppLogs - Launching App, Apk version: C:\Users\admin\git\repository\PatientAppAutomation\Apk\Patient_11_may.apk
2021-05-13 14:56:47,091 [main] INFO PatientAppLogs - Using Test Data Excel Sheet: PatientAppData.xlsx
2021-05-13 14:56:52,116 [main] INFO PatientAppLogs - Launching Application
2021-05-13 14:57:36,572 [main] INFO PatientAppLogs - Clicked on Skip button to proceed for login
2021-05-13 14:57:45,005 [main] INFO PatientAppLogs - Alert Accepted
2021-05-13 14:57:49,857 [main] INFO PatientAppLogs - Phone number entered
2021-05-13 14:57:52,602 [main] INFO PatientAppLogs - Clicked on Request OTP
2021-05-13 14:58:37,603 [main] INFO PatientAppLogs - OTP entered
2021-05-13 14:58:41,837 [main] INFO PatientAppLogs - Clicked on Verify number
2021-05-13 14:58:51,203 [main] INFO PatientAppLogs - Alert Accepted
2021-05-13 14:58:51,206 [main] INFO PatientAppLogs - Time taken in App Launch and login in Emulator: 2 Minutes
2021-05-13 14:59:11,208 [main] INFO PatientAppLogs - Login Successfull
2021-05-13 15:00:30,481 [main] INFO PatientAppLogs - Taking Screenshot
2021-05-13 15:00:32,060 [main] INFO PatientAppLogs - Screenshot captured
2021-05-13 15:01:02,892 [main] INFO PatientAppLogs - Launching App, Apk version: C:\Users\admin\git\repository\PatientAppAutomation\Apk\Patient_11_may.apk
2021-05-13 15:01:02,893 [main] INFO PatientAppLogs - Using Test Data Excel Sheet: PatientAppData.xlsx
2021-05-13 15:01:07,919 [main] INFO PatientAppLogs - Launching Application
2021-05-13 15:01:53,691 [main] INFO PatientAppLogs - Clicked on Skip button to proceed for login
2021-05-13 15:02:02,847 [main] INFO PatientAppLogs - Alert Accepted
2021-05-13 15:02:07,658 [main] INFO PatientAppLogs - Phone number entered
2021-05-13 15:02:11,784 [main] INFO PatientAppLogs - Clicked on Request OTP
2021-05-13 15:02:56,786 [main] INFO PatientAppLogs - OTP entered
2021-05-13 15:03:01,546 [main] INFO PatientAppLogs - Clicked on Verify number
2021-05-13 15:03:09,685 [main] INFO PatientAppLogs - Alert Accepted
2021-05-13 15:03:09,686 [main] INFO PatientAppLogs - Time taken in App Launch and login in Emulator: 2 Minutes
2021-05-13 15:03:29,687 [main] INFO PatientAppLogs - Login Successfull
2021-05-13 15:07:38,181 [main] INFO PatientAppLogs - Taking Screenshot
2021-05-13 15:07:39,896 [main] INFO PatientAppLogs - Screenshot captured
2021-05-13 15:19:29,244 [main] INFO PatientAppLogs - Launching App, Apk version: C:\Users\admin\git\repository\PatientAppAutomation\Apk\Patient_11_may.apk
2021-05-13 15:19:29,251 [main] INFO PatientAppLogs - Using Test Data Excel Sheet: PatientAppData.xlsx
2021-05-13 15:19:34,278 [main] INFO PatientAppLogs - Launching Application
2021-05-13 15:20:19,548 [main] INFO PatientAppLogs - Clicked on Skip button to proceed for login
2021-05-13 15:20:28,758 [main] INFO PatientAppLogs - Alert Accepted
2021-05-13 15:20:32,509 [main] INFO PatientAppLogs - Phone number entered
2021-05-13 15:20:39,061 [main] INFO PatientAppLogs - Clicked on Request OTP
2021-05-13 15:21:24,064 [main] INFO PatientAppLogs - OTP entered
2021-05-13 15:21:28,822 [main] INFO PatientAppLogs - Clicked on Verify number
2021-05-13 15:21:37,587 [main] INFO PatientAppLogs - Alert Accepted
2021-05-13 15:21:37,588 [main] INFO PatientAppLogs - Time taken in App Launch and login in Emulator: 2 Minutes
2021-05-13 15:21:57,590 [main] INFO PatientAppLogs - Login Successfull
2021-05-13 15:24:05,952 [main] INFO PatientAppLogs - Taking Screenshot
2021-05-13 15:24:08,560 [main] INFO PatientAppLogs - Screenshot captured
2021-05-13 15:26:07,047 [main] INFO PatientAppLogs - Launching App, Apk version: C:\Users\admin\git\repository\PatientAppAutomation\Apk\Patient_11_may.apk
2021-05-13 15:26:07,058 [main] INFO PatientAppLogs - Using Test Data Excel Sheet: PatientAppData.xlsx
2021-05-13 15:26:12,080 [main] INFO PatientAppLogs - Launching Application
2021-05-13 15:26:56,936 [main] INFO PatientAppLogs - Clicked on Skip button to proceed for login
2021-05-13 15:27:05,111 [main] INFO PatientAppLogs - Alert Accepted
2021-05-13 15:27:08,283 [main] INFO PatientAppLogs - Phone number entered
2021-05-13 15:27:13,507 [main] INFO PatientAppLogs - Clicked on Request OTP
2021-05-13 15:27:58,508 [main] INFO PatientAppLogs - OTP entered
2021-05-13 15:28:03,003 [main] INFO PatientAppLogs - Clicked on Verify number
2021-05-13 15:28:09,242 [main] INFO PatientAppLogs - Alert Accepted
2021-05-13 15:28:09,247 [main] INFO PatientAppLogs - Time taken in App Launch and login in Emulator: 2 Minutes
2021-05-13 15:28:29,247 [main] INFO PatientAppLogs - Login Successfull
2021-05-13 15:37:48,802 [main] INFO PatientAppLogs - Launching App, Apk version: C:\Users\admin\git\repository\PatientAppAutomation\Apk\Patient_11_may.apk
2021-05-13 15:37:48,810 [main] INFO PatientAppLogs - Using Test Data Excel Sheet: PatientAppData.xlsx
2021-05-13 15:37:53,831 [main] INFO PatientAppLogs - Launching Application
2021-05-13 15:38:28,535 [main] INFO PatientAppLogs - Clicked on Skip button to proceed for login
2021-05-13 15:38:35,152 [main] INFO PatientAppLogs - Alert Accepted
2021-05-13 15:38:40,463 [main] INFO PatientAppLogs - Phone number entered
2021-05-13 15:38:43,215 [main] INFO PatientAppLogs - Clicked on Request OTP
2021-05-13 15:39:28,217 [main] INFO PatientAppLogs - OTP entered
2021-05-13 15:39:32,138 [main] INFO PatientAppLogs - Clicked on Verify number
2021-05-13 15:39:57,684 [main] INFO PatientAppLogs - Alert Accepted
2021-05-13 15:39:57,688 [main] INFO PatientAppLogs - Time taken in App Launch and login in Emulator: 2 Minutes
2021-05-13 15:40:17,692 [main] INFO PatientAppLogs - Login Successfull
2021-05-13 15:41:10,350 [main] INFO PatientAppLogs - Taking Screenshot
2021-05-13 15:41:11,791 [main] INFO PatientAppLogs - Screenshot captured
2021-05-13 15:41:42,214 [main] INFO PatientAppLogs - Launching App, Apk version: C:\Users\admin\git\repository\PatientAppAutomation\Apk\Patient_11_may.apk
2021-05-13 15:41:42,214 [main] INFO PatientAppLogs - Using Test Data Excel Sheet: PatientAppData.xlsx
2021-05-13 15:41:47,230 [main] INFO PatientAppLogs - Launching Application
2021-05-13 15:42:22,859 [main] INFO PatientAppLogs - Clicked on Skip button to proceed for login
2021-05-13 15:42:29,537 [main] INFO PatientAppLogs - Alert Accepted
2021-05-13 15:42:34,428 [main] INFO PatientAppLogs - Phone number entered
2021-05-13 15:42:37,197 [main] INFO PatientAppLogs - Clicked on Request OTP
2021-05-13 15:43:22,200 [main] INFO PatientAppLogs - OTP entered
2021-05-13 15:43:26,467 [main] INFO PatientAppLogs - Clicked on Verify number
2021-05-13 15:43:33,624 [main] INFO PatientAppLogs - Alert Accepted
2021-05-13 15:43:33,624 [main] INFO PatientAppLogs - Time taken in App Launch and login in Emulator: 1 Minutes
2021-05-13 15:43:53,625 [main] INFO PatientAppLogs - Login Successfull
2021-05-13 15:44:14,685 [main] INFO PatientAppLogs - Taking Screenshot
2021-05-13 15:44:16,379 [main] INFO PatientAppLogs - Screenshot captured
2021-05-13 15:44:45,341 [main] INFO PatientAppLogs - Launching App, Apk version: C:\Users\admin\git\repository\PatientAppAutomation\Apk\Patient_11_may.apk
2021-05-13 15:44:45,345 [main] INFO PatientAppLogs - Using Test Data Excel Sheet: PatientAppData.xlsx
2021-05-13 15:44:50,358 [main] INFO PatientAppLogs - Launching Application
2021-05-13 15:45:27,074 [main] INFO PatientAppLogs - Clicked on Skip button to proceed for login
2021-05-13 15:45:33,768 [main] INFO PatientAppLogs - Alert Accepted
2021-05-13 15:45:37,948 [main] INFO PatientAppLogs - Phone number entered
2021-05-13 15:45:42,558 [main] INFO PatientAppLogs - Clicked on Request OTP
2021-05-13 15:46:27,559 [main] INFO PatientAppLogs - OTP entered
2021-05-13 15:46:32,960 [main] INFO PatientAppLogs - Clicked on Verify number
2021-05-13 15:46:38,846 [main] INFO PatientAppLogs - Alert Accepted
2021-05-13 15:46:38,847 [main] INFO PatientAppLogs - Time taken in App Launch and login in Emulator: 1 Minutes
2021-05-13 15:46:58,848 [main] INFO PatientAppLogs - Login Successfull
2021-05-13 15:47:20,119 [main] INFO PatientAppLogs - Taking Screenshot
2021-05-13 15:47:21,834 [main] INFO PatientAppLogs - Screenshot captured
2021-05-13 15:49:10,807 [main] INFO PatientAppLogs - Launching App, Apk version: C:\Users\admin\git\repository\PatientAppAutomation\Apk\Patient_11_may.apk
2021-05-13 15:49:10,813 [main] INFO PatientAppLogs - Using Test Data Excel Sheet: PatientAppData.xlsx
2021-05-13 15:49:15,853 [main] INFO PatientAppLogs - Launching Application
2021-05-13 15:49:50,692 [main] INFO PatientAppLogs - Clicked on Skip button to proceed for login
2021-05-13 15:49:57,197 [main] INFO PatientAppLogs - Alert Accepted
2021-05-13 15:50:02,294 [main] INFO PatientAppLogs - Phone number entered
2021-05-13 15:50:06,725 [main] INFO PatientAppLogs - Clicked on Request OTP
2021-05-13 15:50:51,732 [main] INFO PatientAppLogs - OTP entered
2021-05-13 15:50:54,954 [main] INFO PatientAppLogs - Clicked on Verify number
2021-05-13 15:51:02,957 [main] INFO PatientAppLogs - Alert Accepted
2021-05-13 15:51:02,958 [main] INFO PatientAppLogs - Time taken in App Launch and login in Emulator: 1 Minutes
2021-05-13 15:51:22,963 [main] INFO PatientAppLogs - Login Successfull
2021-05-13 15:51:34,072 [main] INFO PatientAppLogs - Taking Screenshot
2021-05-13 15:51:35,657 [main] INFO PatientAppLogs - Screenshot captured
2021-05-13 15:52:01,760 [main] INFO PatientAppLogs - Launching App, Apk version: C:\Users\admin\git\repository\PatientAppAutomation\Apk\Patient_11_may.apk
2021-05-13 15:52:01,761 [main] INFO PatientAppLogs - Using Test Data Excel Sheet: PatientAppData.xlsx
2021-05-13 15:52:06,780 [main] INFO PatientAppLogs - Launching Application
2021-05-13 15:52:42,311 [main] INFO PatientAppLogs - Clicked on Skip button to proceed for login
2021-05-13 15:52:48,445 [main] INFO PatientAppLogs - Alert Accepted
2021-05-13 15:52:52,867 [main] INFO PatientAppLogs - Phone number entered
2021-05-13 15:52:56,957 [main] INFO PatientAppLogs - Clicked on Request OTP
2021-05-13 15:53:41,958 [main] INFO PatientAppLogs - OTP entered
2021-05-13 15:53:46,350 [main] INFO PatientAppLogs - Clicked on Verify number
2021-05-13 15:53:52,992 [main] INFO PatientAppLogs - Alert Accepted
2021-05-13 15:53:52,993 [main] INFO PatientAppLogs - Time taken in App Launch and login in Emulator: 1 Minutes
2021-05-13 15:54:12,996 [main] INFO PatientAppLogs - Login Successfull
2021-05-13 15:54:41,741 [main] INFO PatientAppLogs - Taking Screenshot
2021-05-13 15:54:42,969 [main] INFO PatientAppLogs - Screenshot captured
2021-05-13 16:34:04,596 [main] INFO PatientAppLogs - Launching App, Apk version: C:\Users\admin\git\repository\PatientAppAutomation\Apk\Patient_11_may.apk
2021-05-13 16:34:04,603 [main] INFO PatientAppLogs - Using Test Data Excel Sheet: PatientAppData.xlsx
2021-05-13 16:34:09,641 [main] INFO PatientAppLogs - Launching Application
2021-05-13 16:34:48,971 [main] INFO PatientAppLogs - Clicked on Skip button to proceed for login
2021-05-13 16:34:57,425 [main] INFO PatientAppLogs - Alert Accepted
2021-05-13 16:35:01,866 [main] INFO PatientAppLogs - Phone number entered
2021-05-13 16:35:08,452 [main] INFO PatientAppLogs - Clicked on Request OTP
2021-05-13 16:35:53,454 [main] INFO PatientAppLogs - OTP entered
2021-05-13 16:35:57,983 [main] INFO PatientAppLogs - Clicked on Verify number
2021-05-13 16:36:05,456 [main] INFO PatientAppLogs - Alert Accepted
2021-05-13 16:36:05,460 [main] INFO PatientAppLogs - Time taken in App Launch and login in Emulator: 2 Minutes
2021-05-13 16:36:25,462 [main] INFO PatientAppLogs - Login Successfull
2021-05-13 16:36:28,364 [main] INFO PatientAppLogs - Taking Screenshot
2021-05-13 16:36:31,976 [main] INFO PatientAppLogs - Screenshot captured
2021-05-13 16:38:15,422 [main] INFO PatientAppLogs - Launching App, Apk version: C:\Users\admin\git\repository\PatientAppAutomation\Apk\Patient_11_may.apk
2021-05-13 16:38:15,433 [main] INFO PatientAppLogs - Using Test Data Excel Sheet: PatientAppData.xlsx
2021-05-13 16:38:20,493 [main] INFO PatientAppLogs - Launching Application
2021-05-13 16:38:20,493 [main] INFO PatientAppLogs - Time taken in App Launch in Emulator: 0 Minutes
2021-05-13 16:38:35,496 [main] INFO PatientAppLogs - Launch Successfull
2021-05-13 16:39:08,045 [main] INFO PatientAppLogs - Taking Screenshot
2021-05-13 16:39:09,534 [main] INFO PatientAppLogs - Screenshot captured
2021-05-13 16:39:38,506 [main] INFO PatientAppLogs - Launching App, Apk version: C:\Users\admin\git\repository\PatientAppAutomation\Apk\Patient_11_may.apk
2021-05-13 16:39:38,508 [main] INFO PatientAppLogs - Using Test Data Excel Sheet: PatientAppData.xlsx
2021-05-13 16:39:43,529 [main] INFO PatientAppLogs - Launching Application
2021-05-13 16:39:43,529 [main] INFO PatientAppLogs - Time taken in App Launch in Emulator: 0 Minutes
2021-05-13 16:39:58,531 [main] INFO PatientAppLogs - Launch Successfull
2021-05-13 16:40:40,501 [main] INFO PatientAppLogs - Taking Screenshot
2021-05-13 16:40:42,065 [main] INFO PatientAppLogs - Screenshot captured
2021-05-13 16:42:55,389 [main] INFO PatientAppLogs - Launching App, Apk version: C:\Users\admin\git\repository\PatientAppAutomation\Apk\Patient_11_may.apk
2021-05-13 16:42:55,397 [main] INFO PatientAppLogs - Using Test Data Excel Sheet: PatientAppData.xlsx
2021-05-13 16:43:00,417 [main] INFO PatientAppLogs - Launching Application
2021-05-13 16:43:42,521 [main] INFO PatientAppLogs - Clicked on Skip button to proceed for login
2021-05-13 16:43:50,270 [main] INFO PatientAppLogs - Alert Accepted
2021-05-13 16:43:54,780 [main] INFO PatientAppLogs - Phone number entered
2021-05-13 16:43:57,909 [main] INFO PatientAppLogs - Clicked on Request OTP
2021-05-13 16:44:42,919 [main] INFO PatientAppLogs - OTP entered
2021-05-13 16:44:48,120 [main] INFO PatientAppLogs - Clicked on Verify number
2021-05-13 16:44:56,296 [main] INFO PatientAppLogs - Alert Accepted
2021-05-13 16:44:56,296 [main] INFO PatientAppLogs - Time taken in App Launch and login in Emulator: 2 Minutes
2021-05-13 16:45:16,298 [main] INFO PatientAppLogs - Login Successfull
2021-05-13 16:47:07,149 [main] INFO PatientAppLogs - Taking Screenshot
2021-05-13 16:47:09,693 [main] INFO PatientAppLogs - Screenshot captured
2021-05-13 16:47:36,424 [main] INFO PatientAppLogs - Launching App, Apk version: C:\Users\admin\git\repository\PatientAppAutomation\Apk\Patient_11_may.apk
2021-05-13 16:47:36,425 [main] INFO PatientAppLogs - Using Test Data Excel Sheet: PatientAppData.xlsx
2021-05-13 16:47:41,450 [main] INFO PatientAppLogs - Launching Application
2021-05-13 16:48:25,566 [main] INFO PatientAppLogs - Clicked on Skip button to proceed for login
2021-05-13 16:48:33,667 [main] INFO PatientAppLogs - Alert Accepted
2021-05-13 16:48:38,953 [main] INFO PatientAppLogs - Phone number entered
2021-05-13 16:48:42,821 [main] INFO PatientAppLogs - Clicked on Request OTP
2021-05-13 16:49:27,823 [main] INFO PatientAppLogs - OTP entered
2021-05-13 16:49:32,355 [main] INFO PatientAppLogs - Clicked on Verify number
2021-05-13 16:49:40,469 [main] INFO PatientAppLogs - Alert Accepted
2021-05-13 16:49:40,470 [main] INFO PatientAppLogs - Time taken in App Launch and login in Emulator: 2 Minutes
2021-05-13 16:50:00,472 [main] INFO PatientAppLogs - Login Successfull
2021-05-13 16:51:12,843 [main] INFO PatientAppLogs - Taking Screenshot
2021-05-13 16:51:15,892 [main] INFO PatientAppLogs - Screenshot captured
2021-05-13 16:54:19,357 [main] INFO PatientAppLogs - Launching App, Apk version: C:\Users\admin\git\repository\PatientAppAutomation\Apk\Patient_11_may.apk
2021-05-13 16:54:19,370 [main] INFO PatientAppLogs - Using Test Data Excel Sheet: PatientAppData.xlsx
2021-05-13 16:54:24,396 [main] INFO PatientAppLogs - Launching Application
2021-05-13 16:55:05,904 [main] INFO PatientAppLogs - Clicked on Skip button to proceed for login
2021-05-13 16:55:13,737 [main] INFO PatientAppLogs - Alert Accepted
2021-05-13 16:55:17,848 [main] INFO PatientAppLogs - Phone number entered
2021-05-13 16:55:21,766 [main] INFO PatientAppLogs - Clicked on Request OTP
2021-05-13 16:56:06,768 [main] INFO PatientAppLogs - OTP entered
2021-05-13 16:56:10,784 [main] INFO PatientAppLogs - Clicked on Verify number
2021-05-13 16:56:18,209 [main] INFO PatientAppLogs - Alert Accepted
2021-05-13 16:56:18,210 [main] INFO PatientAppLogs - Time taken in App Launch and login in Emulator: 1 Minutes
2021-05-13 16:56:38,212 [main] INFO PatientAppLogs - Login Successfull
2021-05-13 17:02:31,578 [main] INFO PatientAppLogs - Launching App, Apk version: C:\Users\admin\git\repository\PatientAppAutomation\Apk\Patient_11_may.apk
2021-05-13 17:02:31,591 [main] INFO PatientAppLogs - Using Test Data Excel Sheet: PatientAppData.xlsx
2021-05-13 17:02:36,628 [main] INFO PatientAppLogs - Launching Application
2021-05-13 17:03:20,213 [main] INFO PatientAppLogs - Clicked on Skip button to proceed for login
2021-05-13 17:03:28,556 [main] INFO PatientAppLogs - Alert Accepted
2021-05-13 17:03:33,659 [main] INFO PatientAppLogs - Phone number entered
2021-05-13 17:03:37,723 [main] INFO PatientAppLogs - Clicked on Request OTP
2021-05-13 17:04:22,725 [main] INFO PatientAppLogs - OTP entered
2021-05-13 17:04:27,347 [main] INFO PatientAppLogs - Clicked on Verify number
2021-05-13 17:04:35,363 [main] INFO PatientAppLogs - Alert Accepted
2021-05-13 17:04:35,364 [main] INFO PatientAppLogs - Time taken in App Launch and login in Emulator: 2 Minutes
2021-05-13 17:04:55,364 [main] INFO PatientAppLogs - Login Successfull
2021-05-13 17:05:56,367 [main] INFO PatientAppLogs - Taking Screenshot
2021-05-13 17:05:58,953 [main] INFO PatientAppLogs - Screenshot captured
2021-05-13 17:06:31,927 [main] INFO PatientAppLogs - Launching App, Apk version: C:\Users\admin\git\repository\PatientAppAutomation\Apk\Patient_11_may.apk
2021-05-13 17:06:31,928 [main] INFO PatientAppLogs - Using Test Data Excel Sheet: PatientAppData.xlsx
2021-05-13 17:06:36,944 [main] INFO PatientAppLogs - Launching Application
2021-05-13 17:07:20,884 [main] INFO PatientAppLogs - Clicked on Skip button to proceed for login
2021-05-13 17:07:29,429 [main] INFO PatientAppLogs - Alert Accepted
2021-05-13 17:07:34,177 [main] INFO PatientAppLogs - Phone number entered
2021-05-13 17:07:37,714 [main] INFO PatientAppLogs - Clicked on Request OTP
2021-05-13 17:08:22,716 [main] INFO PatientAppLogs - OTP entered
2021-05-13 17:08:25,859 [main] INFO PatientAppLogs - Clicked on Verify number
2021-05-13 17:08:34,955 [main] INFO PatientAppLogs - Alert Accepted
2021-05-13 17:08:34,956 [main] INFO PatientAppLogs - Time taken in App Launch and login in Emulator: 2 Minutes
2021-05-13 17:08:54,958 [main] INFO PatientAppLogs - Login Successfull
2021-05-13 17:11:13,734 [main] INFO PatientAppLogs - Taking Screenshot
2021-05-13 17:11:15,755 [main] INFO PatientAppLogs - Screenshot captured
2021-05-13 17:13:28,859 [main] INFO PatientAppLogs - Launching App, Apk version: C:\Users\admin\git\repository\PatientAppAutomation\Apk\Patient_11_may.apk
2021-05-13 17:13:28,875 [main] INFO PatientAppLogs - Using Test Data Excel Sheet: PatientAppData.xlsx
2021-05-13 17:13:33,938 [main] INFO PatientAppLogs - Launching Application
2021-05-13 17:14:22,471 [main] INFO PatientAppLogs - Clicked on Skip button to proceed for login
2021-05-13 17:14:29,244 [main] INFO PatientAppLogs - Alert Accepted
2021-05-13 17:14:34,803 [main] INFO PatientAppLogs - Phone number entered
2021-05-13 17:14:39,563 [main] INFO PatientAppLogs - Clicked on Request OTP
2021-05-13 17:15:24,564 [main] INFO PatientAppLogs - OTP entered
2021-05-13 17:15:28,574 [main] INFO PatientAppLogs - Clicked on Verify number
2021-05-13 17:15:37,281 [main] INFO PatientAppLogs - Alert Accepted
2021-05-13 17:15:37,282 [main] INFO PatientAppLogs - Time taken in App Launch and login in Emulator: 2 Minutes
2021-05-13 17:15:57,283 [main] INFO PatientAppLogs - Login Successfull
2021-05-13 17:18:40,492 [main] INFO PatientAppLogs - Taking Screenshot
2021-05-13 17:18:45,642 [main] INFO PatientAppLogs - Screenshot captured
2021-05-14 20:25:03,119 [main] INFO PatientAppLogs - Launching App, Apk version: C:\Users\admin\git\repository\PatientAppAutomation\Apk\Patient_11_may.apk
2021-05-14 20:25:03,131 [main] INFO PatientAppLogs - Using Test Data Excel Sheet: PatientAppData.xlsx
2021-05-14 20:25:08,166 [main] INFO PatientAppLogs - Launching Application
2021-05-14 20:25:50,813 [main] INFO PatientAppLogs - Clicked on Skip button to proceed for login
2021-05-14 20:25:59,966 [main] INFO PatientAppLogs - Alert Accepted
2021-05-14 20:26:04,609 [main] INFO PatientAppLogs - Phone number entered
2021-05-14 20:26:10,099 [main] INFO PatientAppLogs - Clicked on Request OTP
2021-05-14 20:26:55,101 [main] INFO PatientAppLogs - OTP entered
2021-05-14 20:26:58,226 [main] INFO PatientAppLogs - Clicked on Verify number
2021-05-14 20:27:08,974 [main] INFO PatientAppLogs - Alert Accepted
2021-05-14 20:27:08,974 [main] INFO PatientAppLogs - Time taken in App Launch and login in Emulator: 2 Minutes
2021-05-14 20:27:28,979 [main] INFO PatientAppLogs - Login Successfull
2021-05-14 20:28:27,248 [main] INFO PatientAppLogs - Taking Screenshot
2021-05-14 20:28:29,870 [main] INFO PatientAppLogs - Screenshot captured
2021-05-14 20:29:05,268 [main] INFO PatientAppLogs - Launching App, Apk version: C:\Users\admin\git\repository\PatientAppAutomation\Apk\Patient_11_may.apk
2021-05-14 20:29:05,269 [main] INFO PatientAppLogs - Using Test Data Excel Sheet: PatientAppData.xlsx
2021-05-14 20:29:10,293 [main] INFO PatientAppLogs - Launching Application
2021-05-14 20:29:54,956 [main] INFO PatientAppLogs - Clicked on Skip button to proceed for login
2021-05-14 20:30:03,648 [main] INFO PatientAppLogs - Alert Accepted
2021-05-14 20:30:08,781 [main] INFO PatientAppLogs - Phone number entered
2021-05-14 20:30:12,953 [main] INFO PatientAppLogs - Clicked on Request OTP
2021-05-14 20:30:57,955 [main] INFO PatientAppLogs - OTP entered
2021-05-14 20:31:01,363 [main] INFO PatientAppLogs - Clicked on Verify number
2021-05-14 20:31:11,059 [main] INFO PatientAppLogs - Alert Accepted
2021-05-14 20:31:11,060 [main] INFO PatientAppLogs - Time taken in App Launch and login in Emulator: 2 Minutes
2021-05-14 20:31:31,062 [main] INFO PatientAppLogs - Login Successfull
2021-05-14 20:33:23,704 [main] INFO PatientAppLogs - Taking Screenshot
2021-05-14 20:33:26,170 [main] INFO PatientAppLogs - Screenshot captured
